#
# A fatal error has been detected by the Java Runtime Environment:
#
#  EXCEPTION_ACCESS_VIOLATION (0xc0000005) at pc=0x00007ffcfe04d266, pid=10052, tid=3764
#
# JRE version: OpenJDK Runtime Environment (11.0.11+9) (build 11.0.11+9-b60-7590822)
# Java VM: OpenJDK 64-Bit Server VM (11.0.11+9-b60-7590822, mixed mode, tiered, compressed oops, g1 gc, windows-amd64)
# Problematic frame:
# V  [jvm.dll+0x18d266]
#
# No core dump will be written. Minidumps are not enabled by default on client versions of Windows
#
# If you would like to submit a bug report, please visit:
#   https://bugreport.java.com/bugreport/crash.jsp
#

---------------  S U M M A R Y ------------

Command Line: --add-opens=java.base/java.util=ALL-UNNAMED --add-opens=java.base/java.lang=ALL-UNNAMED --add-opens=java.base/java.lang.invoke=ALL-UNNAMED --add-opens=java.base/java.util=ALL-UNNAMED --add-opens=java.prefs/java.util.prefs=ALL-UNNAMED --add-opens=java.prefs/java.util.prefs=ALL-UNNAMED --add-opens=java.base/java.nio.charset=ALL-UNNAMED --add-opens=java.base/java.net=ALL-UNNAMED --add-opens=java.base/java.util.concurrent.atomic=ALL-UNNAMED -Xmx2048m -Dfile.encoding=UTF-8 -Duser.country=GB -Duser.language=en -Duser.variant org.gradle.launcher.daemon.bootstrap.GradleDaemon 7.2

Host: Intel(R) Core(TM) i5-2500 CPU @ 3.30GHz, 4 cores, 18G,  Windows 10 , 64 bit Build 19041 (10.0.19041.1706)
Time: Sun Jun  5 14:37:12 2022 GTB Summer Time elapsed time: 8.233235 seconds (0d 0h 0m 8s)

---------------  T H R E A D  ---------------

Current thread (0x00000197f2dfa000):  GCTaskThread "GC Thread#2" [stack: 0x00000031dee00000,0x00000031def00000] [id=3764]

Stack: [0x00000031dee00000,0x00000031def00000],  sp=0x00000031deeff2b8,  free space=1020k
Native frames: (J=compiled Java code, j=interpreted, Vv=VM code, C=native code)
V  [jvm.dll+0x18d266]


siginfo: EXCEPTION_ACCESS_VIOLATION (0xc0000005), reading address 0x0000000104000828


Register to memory mapping:

RIP=0x00007ffcfe04d266 jvm.dll
RAX=0x0000000000000001 is an unknown value
RBX=0x0000000086ded0d4 is pointing into object: java.lang.String 
{0x0000000086ded0c8} - klass: 'java/lang/String'
RCX=
[error occurred during error reporting (printing register info), id 0xc0000005, EXCEPTION_ACCESS_VIOLATION (0xc0000005) at pc=0x00007ffcfe04d266]

Registers:
RAX=0x0000000000000001, RBX=0x0000000086ded0d4, RCX=0x000000008fbb6ef8, RDX=0x000000008fbb6ef8
RSP=0x00000031deeff2b8, RBP=0x0000000000000011, RSI=0x00000197f557d6d0, RDI=0x00000197f557d6d0
R8 =0x000000008fbb6ef8, R9 =0x0000000104000820, R10=0x000000008fbb6ef8, R11=0x00000197f557d840
R12=0x0000000000000000, R13=0x0000000000000001, R14=0x00000197d82e9880, R15=0x000000008fbb6ef8
RIP=0x00007ffcfe04d266, EFLAGS=0x0000000000010202

Top of Stack: (sp=0x00000031deeff2b8)
0x00000031deeff2b8:   00007ffcfe1c03bc 0000000086ded001
0x00000031deeff2c8:   0000000000000015 00000197f557d6d0
0x00000031deeff2d8:   0000000086dcffe5 00000197d82e9800
0x00000031deeff2e8:   00000000801ec9e8 00000007f557d840
0x00000031deeff2f8:   000000000000001d 0000000000000001
0x00000031deeff308:   00000197f557d6d0 0000000000000040
0x00000031deeff318:   00000197d82e9880 0000000000000000
0x00000031deeff328:   00000197f557d6d0 00000031deeff501
0x00000031deeff338:   00007ffcfe1920d2 00000197f557d6d0
0x00000031deeff348:   00007ffcfe194f01 00000000000007d0
0x00000031deeff358:   0000000086ded0d4 00000197d82e9800
0x00000031deeff368:   00007ffcfe1be91b 00000000000005cb
0x00000031deeff378:   00000000000005b9 00000031deeff501
0x00000031deeff388:   00007ffcfe1cd666 00000000801ec7d0
0x00000031deeff398:   00000197d832e478 0000000000000000
0x00000031deeff3a8:   00007ffcfe4ac19f 00000031deeff450 

Instructions: (pc=0x00007ffcfe04d266)
0x00007ffcfe04d166:   82 00 48 d3 e0 48 03 05 1e 6b 82 00 eb 04 48 8b
0x00007ffcfe04d176:   43 08 81 78 08 00 00 00 c0 73 7d 48 8b 4f 38 48
0x00007ffcfe04d186:   8b d3 48 8b 01 ff 50 20 84 c0 75 6c 38 05 e0 f6
0x00007ffcfe04d196:   86 00 74 15 8b 53 08 8b 0d f5 6a 82 00 48 d3 e2
0x00007ffcfe04d1a6:   48 03 15 e3 6a 82 00 eb 04 48 8b 53 08 48 8b cb
0x00007ffcfe04d1b6:   48 89 5c 24 20 e8 a0 00 00 00 80 7f 30 00 48 63
0x00007ffcfe04d1c6:   c8 48 89 4c 24 28 0f 28 44 24 20 74 17 0f 11 86
0x00007ffcfe04d1d6:   98 03 00 00 48 8b 5c 24 40 48 8b 74 24 48 48 83
0x00007ffcfe04d1e6:   c4 30 5f c3 48 8b 07 48 8d 54 24 20 48 8b cf 66
0x00007ffcfe04d1f6:   0f 7f 44 24 20 ff 50 38 48 8b 5c 24 40 48 8b 74
0x00007ffcfe04d206:   24 48 48 83 c4 30 5f c3 cc cc 48 8b 49 38 48 8b
0x00007ffcfe04d216:   01 48 ff 60 28 cc cc cc cc cc 80 3d 51 f6 86 00
0x00007ffcfe04d226:   00 48 8b c1 74 1b 8b 51 08 8b 0d 63 6a 82 00 48
0x00007ffcfe04d236:   d3 e2 48 8b c8 48 03 15 4e 6a 82 00 e9 19 00 00
0x00007ffcfe04d246:   00 48 8b 51 08 48 8b c8 e9 0d 00 00 00 cc cc cc
0x00007ffcfe04d256:   cc cc cc cc cc cc cc cc cc cc 4c 8b ca 48 8b d1
0x00007ffcfe04d266:   45 8b 41 08 45 85 c0 7e 0e 41 f6 c0 01 75 59 41
0x00007ffcfe04d276:   c1 f8 03 41 8b c0 c3 79 4f 80 3d f2 f5 86 00 00
0x00007ffcfe04d286:   b8 0c 00 00 00 b9 10 00 00 00 0f 45 c8 8b 05 2b
0x00007ffcfe04d296:   b4 80 00 ff c8 4c 63 c8 48 63 c1 41 8b c8 83 e1
0x00007ffcfe04d2a6:   3f 48 63 14 10 41 8b c0 48 c1 f8 10 0f b6 c0 48
0x00007ffcfe04d2b6:   d3 e2 49 8d 0c 11 49 f7 d1 48 03 c1 49 c1 e9 03
0x00007ffcfe04d2c6:   48 c1 e8 03 41 23 c1 c3 49 8b 01 49 8b c9 48 ff
0x00007ffcfe04d2d6:   a0 10 01 00 00 cc cc cc cc cc 48 83 ec 38 0f 10
0x00007ffcfe04d2e6:   02 48 8b 49 38 48 8d 54 24 20 0f 29 44 24 20 e8
0x00007ffcfe04d2f6:   66 f0 ff ff 48 83 c4 38 c3 cc 48 89 5c 24 08 55
0x00007ffcfe04d306:   56 57 41 54 41 55 41 56 41 57 48 8d 6c 24 e0 48
0x00007ffcfe04d316:   81 ec 20 01 00 00 48 8b 05 1d ef 83 00 48 33 c4
0x00007ffcfe04d326:   48 89 45 10 48 8b 05 5f 60 86 00 45 33 ed 4c 8b
0x00007ffcfe04d336:   b5 80 00 00 00 4c 8b fa 48 8b bd 88 00 00 00 4d
0x00007ffcfe04d346:   8b c6 49 8b d6 49 8b f1 48 8b 48 38 48 8b 59 48
0x00007ffcfe04d356:   49 8b cf c7 45 c0 ff ff ff ff 44 89 6d d4 4c 89 


Stack slot to memory mapping:
stack at sp + 0 slots: 0x00007ffcfe1c03bc jvm.dll
stack at sp + 1 slots: 0x0000000086ded001 is pointing into object: java.lang.String 
{0x0000000086decff0} - klass: 'java/lang/String'
stack at sp + 2 slots: 0x0000000000000015 is an unknown value
stack at sp + 3 slots: 0x00000197f557d6d0 points into unknown readable memory: 0x00007ffcfe6e71a8 | a8 71 6e fe fc 7f 00 00
stack at sp + 4 slots: 0x0000000086dcffe5 is pointing into object: [Ljava.util.concurrent.ConcurrentHashMap$Node; 
{0x0000000086dce098} - klass: 'java/util/concurrent/ConcurrentHashMap$Node'[]
 - length: 4096
stack at sp + 5 slots: 0x00000197d82e9800 points into unknown readable memory: 0x00000000000005cb | cb 05 00 00 00 00 00 00
stack at sp + 6 slots: 0x00000000801ec9e8 is an oop: [B 
{0x00000000801ec9e8} - klass: {type array byte}
 - length: 113
stack at sp + 7 slots: 0x00000007f557d840 is an unknown value


---------------  P R O C E S S  ---------------

Threads class SMR info:
_java_thread_list=0x00000197f7a3aaf0, length=77, elements={
0x00000197d82cf000, 0x00000197f275f800, 0x00000197f2761000, 0x00000197f27bd800,
0x00000197f27bf800, 0x00000197f27c1000, 0x00000197f27c8000, 0x00000197f27cb800,
0x00000197f27ce000, 0x00000197f2930800, 0x00000197f483d000, 0x00000197f2c18800,
0x00000197f41d1000, 0x00000197f5572800, 0x00000197f43ce000, 0x00000197f3e0b800,
0x00000197f587e000, 0x00000197f3f91800, 0x00000197f5426000, 0x00000197f5425000,
0x00000197f5424000, 0x00000197f5426800, 0x00000197f61cc800, 0x00000197f61ce000,
0x00000197f61cd800, 0x00000197f61ca000, 0x00000197f61cf000, 0x00000197f61cf800,
0x00000197f61d0800, 0x00000197f61cb000, 0x00000197f7b55800, 0x00000197f61cb800,
0x00000197f61d2000, 0x00000197f61d8800, 0x00000197f61d6800, 0x00000197f61d4000,
0x00000197f61d4800, 0x00000197f61d5800, 0x00000197f61d7000, 0x00000197f61d8000,
0x00000197f78d6800, 0x00000197f78d8800, 0x00000197f78db000, 0x00000197f78d9000,
0x00000197f78db800, 0x00000197f78da000, 0x00000197f78dc800, 0x00000197f78dd000,
0x00000197f78d7800, 0x00000197f78e1800, 0x00000197f78df800, 0x00000197f78de000,
0x00000197f78e0800, 0x00000197f78e3800, 0x00000197f78e2000, 0x00000197f78df000,
0x00000197f78e4800, 0x00000197f78e3000, 0x00000197f78e5800, 0x00000197f6708800,
0x00000197f6703000, 0x00000197f6705800, 0x00000197f6703800, 0x00000197f6704800,
0x00000197f6709800, 0x00000197f6708000, 0x00000197f670a000, 0x00000197f670b000,
0x00000197f670c000, 0x00000197f6706000, 0x00000197f670c800, 0x00000197f6707000,
0x00000197f6710000, 0x00000197f6710800, 0x00000197f6711800, 0x00000197f670e800,
0x00000197f670d800
}

Java Threads: ( => current thread )
  0x00000197d82cf000 JavaThread "main" [_thread_blocked, id=9312, stack(0x00000031dda00000,0x00000031ddb00000)]
  0x00000197f275f800 JavaThread "Reference Handler" daemon [_thread_blocked, id=9948, stack(0x00000031de100000,0x00000031de200000)]
  0x00000197f2761000 JavaThread "Finalizer" daemon [_thread_blocked, id=3388, stack(0x00000031de200000,0x00000031de300000)]
  0x00000197f27bd800 JavaThread "Signal Dispatcher" daemon [_thread_blocked, id=2040, stack(0x00000031de400000,0x00000031de500000)]
  0x00000197f27bf800 JavaThread "Attach Listener" daemon [_thread_blocked, id=10920, stack(0x00000031de500000,0x00000031de600000)]
  0x00000197f27c1000 JavaThread "Service Thread" daemon [_thread_blocked, id=4048, stack(0x00000031de600000,0x00000031de700000)]
  0x00000197f27c8000 JavaThread "C2 CompilerThread0" daemon [_thread_blocked, id=8280, stack(0x00000031de700000,0x00000031de800000)]
  0x00000197f27cb800 JavaThread "C1 CompilerThread0" daemon [_thread_blocked, id=8744, stack(0x00000031de800000,0x00000031de900000)]
  0x00000197f27ce000 JavaThread "Sweeper thread" daemon [_thread_blocked, id=7124, stack(0x00000031de900000,0x00000031dea00000)]
  0x00000197f2930800 JavaThread "Common-Cleaner" daemon [_thread_blocked, id=1260, stack(0x00000031dea00000,0x00000031deb00000)]
  0x00000197f483d000 JavaThread "Daemon health stats" [_thread_blocked, id=2324, stack(0x00000031df000000,0x00000031df100000)]
  0x00000197f2c18800 JavaThread "Incoming local TCP Connector on port 49833" [_thread_in_native, id=9232, stack(0x00000031dec00000,0x00000031ded00000)]
  0x00000197f41d1000 JavaThread "Daemon periodic checks" [_thread_blocked, id=10212, stack(0x00000031df100000,0x00000031df200000)]
  0x00000197f5572800 JavaThread "Daemon" [_thread_blocked, id=4348, stack(0x00000031df200000,0x00000031df300000)]
  0x00000197f43ce000 JavaThread "Handler for socket connection from /127.0.0.1:49833 to /127.0.0.1:49834" [_thread_in_native, id=6888, stack(0x00000031df300000,0x00000031df400000)]
  0x00000197f3e0b800 JavaThread "Cancel handler" [_thread_blocked, id=9108, stack(0x00000031df400000,0x00000031df500000)]
  0x00000197f587e000 JavaThread "Daemon worker" [_thread_blocked, id=3124, stack(0x00000031df500000,0x00000031df600000)]
  0x00000197f3f91800 JavaThread "Asynchronous log dispatcher for DefaultDaemonConnection: socket connection from /127.0.0.1:49833 to /127.0.0.1:49834" [_thread_blocked, id=8980, stack(0x00000031df600000,0x00000031df700000)]
  0x00000197f5426000 JavaThread "Stdin handler" [_thread_blocked, id=2980, stack(0x00000031df700000,0x00000031df800000)]
  0x00000197f5425000 JavaThread "Daemon client event forwarder" [_thread_blocked, id=1124, stack(0x00000031df800000,0x00000031df900000)]
  0x00000197f5424000 JavaThread "Cache worker for journal cache (C:\Users\Ale\.gradle\caches\journal-1)" [_thread_blocked, id=10516, stack(0x00000031df900000,0x00000031dfa00000)]
  0x00000197f5426800 JavaThread "File lock request listener" [_thread_in_native, id=5872, stack(0x00000031dfa00000,0x00000031dfb00000)]
  0x00000197f61cc800 JavaThread "Cache worker for file hash cache (C:\Users\Ale\.gradle\caches\7.2\fileHashes)" [_thread_blocked, id=10536, stack(0x00000031dfb00000,0x00000031dfc00000)]
  0x00000197f61ce000 JavaThread "Cache worker for file hash cache (D:\Facultate\An2\Sem2\MDS\proiect\.gradle\7.2\fileHashes)" [_thread_blocked, id=8336, stack(0x00000031dfc00000,0x00000031dfd00000)]
  0x00000197f61cd800 JavaThread "File watcher server" daemon [_thread_in_native, id=9812, stack(0x00000031dfe00000,0x00000031dff00000)]
  0x00000197f61ca000 JavaThread "File watcher consumer" daemon [_thread_blocked, id=9828, stack(0x00000031dff00000,0x00000031e0000000)]
  0x00000197f61cf000 JavaThread "Cache worker for checksums cache (D:\Facultate\An2\Sem2\MDS\proiect\.gradle\checksums)" [_thread_blocked, id=8212, stack(0x00000031e0000000,0x00000031e0100000)]
  0x00000197f61cf800 JavaThread "Cache worker for cache directory md-supplier (C:\Users\Ale\.gradle\caches\7.2\md-supplier)" [_thread_blocked, id=5044, stack(0x00000031e0100000,0x00000031e0200000)]
  0x00000197f61d0800 JavaThread "Cache worker for cache directory md-rule (C:\Users\Ale\.gradle\caches\7.2\md-rule)" [_thread_blocked, id=7940, stack(0x00000031dfd00000,0x00000031dfe00000)]
  0x00000197f61cb000 JavaThread "Cache worker for execution history cache (C:\Users\Ale\.gradle\caches\7.2\executionHistory)" [_thread_blocked, id=9196, stack(0x00000031e0200000,0x00000031e0300000)]
  0x00000197f7b55800 JavaThread "C2 CompilerThread1" daemon [_thread_blocked, id=2556, stack(0x00000031e0300000,0x00000031e0400000)]
  0x00000197f61cb800 JavaThread "jar transforms" [_thread_blocked, id=3532, stack(0x00000031e0400000,0x00000031e0500000)]
  0x00000197f61d2000 JavaThread "Cache worker for file content cache (C:\Users\Ale\.gradle\caches\7.2\fileContent)" [_thread_blocked, id=11008, stack(0x00000031e0500000,0x00000031e0600000)]
  0x00000197f61d8800 JavaThread "jar transforms Thread 2" [_thread_blocked, id=2252, stack(0x00000031e0600000,0x00000031e0700000)]
  0x00000197f61d6800 JavaThread "Cache worker for dependencies-accessors (D:\Facultate\An2\Sem2\MDS\proiect\.gradle\7.2\dependencies-accessors)" [_thread_blocked, id=3680, stack(0x00000031e0700000,0x00000031e0800000)]
  0x00000197f61d4000 JavaThread "jar transforms Thread 3" [_thread_blocked, id=988, stack(0x00000031e0800000,0x00000031e0900000)]
  0x00000197f61d4800 JavaThread "Cache worker for Build Output Cleanup Cache (D:\Facultate\An2\Sem2\MDS\proiect\.gradle\buildOutputCleanup)" [_thread_blocked, id=11012, stack(0x00000031e0900000,0x00000031e0a00000)]
  0x00000197f61d5800 JavaThread "Unconstrained build operations" [_thread_blocked, id=11004, stack(0x00000031e0a00000,0x00000031e0b00000)]
  0x00000197f61d7000 JavaThread "Unconstrained build operations Thread 2" [_thread_blocked, id=2848, stack(0x00000031e0b00000,0x00000031e0c00000)]
  0x00000197f61d8000 JavaThread "Unconstrained build operations Thread 3" [_thread_blocked, id=2180, stack(0x00000031e0c00000,0x00000031e0d00000)]
  0x00000197f78d6800 JavaThread "Unconstrained build operations Thread 4" [_thread_blocked, id=2488, stack(0x00000031e0d00000,0x00000031e0e00000)]
  0x00000197f78d8800 JavaThread "Unconstrained build operations Thread 5" [_thread_blocked, id=8956, stack(0x00000031e0e00000,0x00000031e0f00000)]
  0x00000197f78db000 JavaThread "Unconstrained build operations Thread 6" [_thread_blocked, id=4336, stack(0x00000031e0f00000,0x00000031e1000000)]
  0x00000197f78d9000 JavaThread "Unconstrained build operations Thread 7" [_thread_blocked, id=5032, stack(0x00000031e1000000,0x00000031e1100000)]
  0x00000197f78db800 JavaThread "Unconstrained build operations Thread 8" [_thread_blocked, id=1736, stack(0x00000031e1100000,0x00000031e1200000)]
  0x00000197f78da000 JavaThread "Unconstrained build operations Thread 9" [_thread_blocked, id=4776, stack(0x00000031e1200000,0x00000031e1300000)]
  0x00000197f78dc800 JavaThread "Unconstrained build operations Thread 10" [_thread_blocked, id=1572, stack(0x00000031e1300000,0x00000031e1400000)]
  0x00000197f78dd000 JavaThread "Unconstrained build operations Thread 11" [_thread_blocked, id=4152, stack(0x00000031e1400000,0x00000031e1500000)]
  0x00000197f78d7800 JavaThread "Unconstrained build operations Thread 12" [_thread_blocked, id=4996, stack(0x00000031e1500000,0x00000031e1600000)]
  0x00000197f78e1800 JavaThread "Unconstrained build operations Thread 13" [_thread_blocked, id=1152, stack(0x00000031e1600000,0x00000031e1700000)]
  0x00000197f78df800 JavaThread "Unconstrained build operations Thread 14" [_thread_blocked, id=8040, stack(0x00000031e1700000,0x00000031e1800000)]
  0x00000197f78de000 JavaThread "Unconstrained build operations Thread 15" [_thread_blocked, id=7868, stack(0x00000031e1800000,0x00000031e1900000)]
  0x00000197f78e0800 JavaThread "Unconstrained build operations Thread 16" [_thread_blocked, id=10404, stack(0x00000031e1900000,0x00000031e1a00000)]
  0x00000197f78e3800 JavaThread "Unconstrained build operations Thread 17" [_thread_blocked, id=7864, stack(0x00000031e1a00000,0x00000031e1b00000)]
  0x00000197f78e2000 JavaThread "Unconstrained build operations Thread 18" [_thread_blocked, id=7840, stack(0x00000031e1b00000,0x00000031e1c00000)]
  0x00000197f78df000 JavaThread "Unconstrained build operations Thread 19" [_thread_blocked, id=1940, stack(0x00000031e1c00000,0x00000031e1d00000)]
  0x00000197f78e4800 JavaThread "Unconstrained build operations Thread 20" [_thread_blocked, id=7872, stack(0x00000031e1d00000,0x00000031e1e00000)]
  0x00000197f78e3000 JavaThread "Unconstrained build operations Thread 21" [_thread_blocked, id=1956, stack(0x00000031e1e00000,0x00000031e1f00000)]
  0x00000197f78e5800 JavaThread "Unconstrained build operations Thread 22" [_thread_blocked, id=1924, stack(0x00000031e1f00000,0x00000031e2000000)]
  0x00000197f6708800 JavaThread "Unconstrained build operations Thread 23" [_thread_blocked, id=7844, stack(0x00000031e2000000,0x00000031e2100000)]
  0x00000197f6703000 JavaThread "Unconstrained build operations Thread 24" [_thread_blocked, id=1980, stack(0x00000031e2100000,0x00000031e2200000)]
  0x00000197f6705800 JavaThread "Unconstrained build operations Thread 25" [_thread_blocked, id=1932, stack(0x00000031e2200000,0x00000031e2300000)]
  0x00000197f6703800 JavaThread "Unconstrained build operations Thread 26" [_thread_blocked, id=1928, stack(0x00000031e2300000,0x00000031e2400000)]
  0x00000197f6704800 JavaThread "Unconstrained build operations Thread 27" [_thread_blocked, id=7008, stack(0x00000031e2400000,0x00000031e2500000)]
  0x00000197f6709800 JavaThread "Unconstrained build operations Thread 28" [_thread_blocked, id=5076, stack(0x00000031e2500000,0x00000031e2600000)]
  0x00000197f6708000 JavaThread "Unconstrained build operations Thread 29" [_thread_blocked, id=8128, stack(0x00000031e2600000,0x00000031e2700000)]
  0x00000197f670a000 JavaThread "Unconstrained build operations Thread 30" [_thread_blocked, id=11240, stack(0x00000031e2700000,0x00000031e2800000)]
  0x00000197f670b000 JavaThread "Unconstrained build operations Thread 31" [_thread_blocked, id=11232, stack(0x00000031e2800000,0x00000031e2900000)]
  0x00000197f670c000 JavaThread "Unconstrained build operations Thread 32" [_thread_blocked, id=8880, stack(0x00000031e2900000,0x00000031e2a00000)]
  0x00000197f6706000 JavaThread "Unconstrained build operations Thread 33" [_thread_blocked, id=11236, stack(0x00000031e2a00000,0x00000031e2b00000)]
  0x00000197f670c800 JavaThread "Unconstrained build operations Thread 34" [_thread_blocked, id=8912, stack(0x00000031e2b00000,0x00000031e2c00000)]
  0x00000197f6707000 JavaThread "Unconstrained build operations Thread 35" [_thread_blocked, id=7820, stack(0x00000031e2c00000,0x00000031e2d00000)]
  0x00000197f6710000 JavaThread "Unconstrained build operations Thread 36" [_thread_blocked, id=7672, stack(0x00000031e2d00000,0x00000031e2e00000)]
  0x00000197f6710800 JavaThread "Unconstrained build operations Thread 37" [_thread_blocked, id=7816, stack(0x00000031e2e00000,0x00000031e2f00000)]
  0x00000197f6711800 JavaThread "Unconstrained build operations Thread 38" [_thread_blocked, id=6368, stack(0x00000031e2f00000,0x00000031e3000000)]
  0x00000197f670e800 JavaThread "Unconstrained build operations Thread 39" [_thread_blocked, id=9796, stack(0x00000031e3000000,0x00000031e3100000)]
  0x00000197f670d800 JavaThread "Unconstrained build operations Thread 40" [_thread_blocked, id=8320, stack(0x00000031e3100000,0x00000031e3200000)]

Other Threads:
  0x00000197f275a800 VMThread "VM Thread" [stack: 0x00000031de000000,0x00000031de100000] [id=10432]
  0x00000197f2956800 WatcherThread [stack: 0x00000031deb00000,0x00000031dec00000] [id=7344]
  0x00000197d82e8800 GCTaskThread "GC Thread#0" [stack: 0x00000031ddb00000,0x00000031ddc00000] [id=1800]
  0x00000197f3432800 GCTaskThread "GC Thread#1" [stack: 0x00000031ded00000,0x00000031dee00000] [id=4120]
=>0x00000197f2dfa000 GCTaskThread "GC Thread#2" [stack: 0x00000031dee00000,0x00000031def00000] [id=3764]
  0x00000197f2dfb000 GCTaskThread "GC Thread#3" [stack: 0x00000031def00000,0x00000031df000000] [id=4200]
  0x00000197d8318000 ConcurrentGCThread "G1 Main Marker" [stack: 0x00000031ddc00000,0x00000031ddd00000] [id=8772]
  0x00000197d8319000 ConcurrentGCThread "G1 Conc#0" [stack: 0x00000031ddd00000,0x00000031dde00000] [id=8372]
  0x00000197f1da4800 ConcurrentGCThread "G1 Refine#0" [stack: 0x00000031dde00000,0x00000031ddf00000] [id=4328]
  0x00000197f1da5800 ConcurrentGCThread "G1 Young RemSet Sampling" [stack: 0x00000031ddf00000,0x00000031de000000] [id=2240]

Threads with active compile tasks:
C2 CompilerThread0   8255 4883       4       java.lang.invoke.MethodType::makeImpl (108 bytes)

VM state:at safepoint (normal execution)

VM Mutex/Monitor currently owned by a thread:  ([mutex/lock_event])
[0x00000197d82caa90] Threads_lock - owner thread: 0x00000197f275a800
[0x00000197d82cac40] Heap_lock - owner thread: 0x00000197f670c800

Heap address: 0x0000000080000000, size: 2048 MB, Compressed Oops mode: 32-bit
Narrow klass base: 0x0000000000000000, Narrow klass shift: 3
Compressed class space size: 1073741824 Address: 0x0000000100000000

Heap:
 garbage-first heap   total 311296K, used 202828K [0x0000000080000000, 0x0000000100000000)
  region size 1024K, 190 young (194560K), 18 survivors (18432K)
 Metaspace       used 47762K, capacity 48958K, committed 49276K, reserved 1091584K
  class space    used 6112K, capacity 6570K, committed 6656K, reserved 1048576K
Heap Regions: E=young(eden), S=young(survivor), O=old, HS=humongous(starts), HC=humongous(continues), CS=collection set, F=free, A=archive, TAMS=top-at-mark-start (previous, next)
|   0|0x0000000080000000, 0x0000000080100000, 0x0000000080100000|100%| O|  |TAMS 0x0000000080100000, 0x0000000080000000| Untracked 
|   1|0x0000000080100000, 0x0000000080200000, 0x0000000080200000|100%| O|  |TAMS 0x0000000080200000, 0x0000000080100000| Untracked 
|   2|0x0000000080200000, 0x0000000080300000, 0x0000000080300000|100%| O|  |TAMS 0x0000000080300000, 0x0000000080200000| Untracked 
|   3|0x0000000080300000, 0x0000000080400000, 0x0000000080400000|100%|HS|  |TAMS 0x0000000080400000, 0x0000000080300000| Complete 
|   4|0x0000000080400000, 0x0000000080500000, 0x0000000080500000|100%|HC|  |TAMS 0x0000000080500000, 0x0000000080400000| Complete 
|   5|0x0000000080500000, 0x0000000080600000, 0x0000000080600000|100%|HC|  |TAMS 0x0000000080600000, 0x0000000080500000| Complete 
|   6|0x0000000080600000, 0x0000000080700000, 0x0000000080700000|100%| O|  |TAMS 0x0000000080700000, 0x0000000080600000| Untracked 
|   7|0x0000000080700000, 0x0000000080800000, 0x0000000080800000|100%| O|  |TAMS 0x0000000080800000, 0x0000000080700000| Untracked 
|   8|0x0000000080800000, 0x0000000080900000, 0x0000000080900000|100%| O|  |TAMS 0x0000000080900000, 0x0000000080800000| Untracked 
|   9|0x0000000080900000, 0x0000000080a00000, 0x0000000080a00000|100%| O|  |TAMS 0x0000000080a00000, 0x0000000080900000| Untracked 
|  10|0x0000000080a00000, 0x0000000080b00000, 0x0000000080b00000|100%| O|  |TAMS 0x0000000080b00000, 0x0000000080a00000| Untracked 
|  11|0x0000000080b00000, 0x0000000080c00000, 0x0000000080c00000|100%| O|  |TAMS 0x0000000080c00000, 0x0000000080b00000| Untracked 
|  12|0x0000000080c00000, 0x0000000080c53c00, 0x0000000080d00000| 32%| O|  |TAMS 0x0000000080c53c00, 0x0000000080c00000| Untracked 
|  13|0x0000000080d00000, 0x0000000080e00000, 0x0000000080e00000|100%|HS|  |TAMS 0x0000000080d00000, 0x0000000080d00000| Complete 
|  14|0x0000000080e00000, 0x0000000080f00000, 0x0000000080f00000|100%|HS|  |TAMS 0x0000000080e00000, 0x0000000080e00000| Complete 
|  15|0x0000000080f00000, 0x0000000081000000, 0x0000000081000000|100%|HC|  |TAMS 0x0000000080f00000, 0x0000000080f00000| Complete 
|  16|0x0000000081000000, 0x0000000081100000, 0x0000000081100000|100%|HS|  |TAMS 0x0000000081000000, 0x0000000081000000| Complete 
|  17|0x0000000081100000, 0x0000000081100000, 0x0000000081200000|  0%| F|  |TAMS 0x0000000081100000, 0x0000000081100000| Untracked 
|  18|0x0000000081200000, 0x0000000081200000, 0x0000000081300000|  0%| F|  |TAMS 0x0000000081200000, 0x0000000081200000| Untracked 
|  19|0x0000000081300000, 0x0000000081300000, 0x0000000081400000|  0%| F|  |TAMS 0x0000000081300000, 0x0000000081300000| Untracked 
|  20|0x0000000081400000, 0x0000000081400000, 0x0000000081500000|  0%| F|  |TAMS 0x0000000081400000, 0x0000000081400000| Untracked 
|  21|0x0000000081500000, 0x0000000081500000, 0x0000000081600000|  0%| F|  |TAMS 0x0000000081500000, 0x0000000081500000| Untracked 
|  22|0x0000000081600000, 0x0000000081600000, 0x0000000081700000|  0%| F|  |TAMS 0x0000000081600000, 0x0000000081600000| Untracked 
|  23|0x0000000081700000, 0x0000000081700000, 0x0000000081800000|  0%| F|  |TAMS 0x0000000081700000, 0x0000000081700000| Untracked 
|  24|0x0000000081800000, 0x0000000081800000, 0x0000000081900000|  0%| F|  |TAMS 0x0000000081800000, 0x0000000081800000| Untracked 
|  25|0x0000000081900000, 0x0000000081900000, 0x0000000081a00000|  0%| F|  |TAMS 0x0000000081900000, 0x0000000081900000| Untracked 
|  26|0x0000000081a00000, 0x0000000081a00000, 0x0000000081b00000|  0%| F|  |TAMS 0x0000000081a00000, 0x0000000081a00000| Untracked 
|  27|0x0000000081b00000, 0x0000000081b00000, 0x0000000081c00000|  0%| F|  |TAMS 0x0000000081b00000, 0x0000000081b00000| Untracked 
|  28|0x0000000081c00000, 0x0000000081c00000, 0x0000000081d00000|  0%| F|  |TAMS 0x0000000081c00000, 0x0000000081c00000| Untracked 
|  29|0x0000000081d00000, 0x0000000081d00000, 0x0000000081e00000|  0%| F|  |TAMS 0x0000000081d00000, 0x0000000081d00000| Untracked 
|  30|0x0000000081e00000, 0x0000000081e00000, 0x0000000081f00000|  0%| F|  |TAMS 0x0000000081e00000, 0x0000000081e00000| Untracked 
|  31|0x0000000081f00000, 0x0000000081f00000, 0x0000000082000000|  0%| F|  |TAMS 0x0000000081f00000, 0x0000000081f00000| Untracked 
|  32|0x0000000082000000, 0x0000000082000000, 0x0000000082100000|  0%| F|  |TAMS 0x0000000082000000, 0x0000000082000000| Untracked 
|  33|0x0000000082100000, 0x0000000082100000, 0x0000000082200000|  0%| F|  |TAMS 0x0000000082100000, 0x0000000082100000| Untracked 
|  34|0x0000000082200000, 0x0000000082200000, 0x0000000082300000|  0%| F|  |TAMS 0x0000000082200000, 0x0000000082200000| Untracked 
|  35|0x0000000082300000, 0x0000000082300000, 0x0000000082400000|  0%| F|  |TAMS 0x0000000082300000, 0x0000000082300000| Untracked 
|  36|0x0000000082400000, 0x0000000082400000, 0x0000000082500000|  0%| F|  |TAMS 0x0000000082400000, 0x0000000082400000| Untracked 
|  37|0x0000000082500000, 0x0000000082500000, 0x0000000082600000|  0%| F|  |TAMS 0x0000000082500000, 0x0000000082500000| Untracked 
|  38|0x0000000082600000, 0x0000000082600000, 0x0000000082700000|  0%| F|  |TAMS 0x0000000082600000, 0x0000000082600000| Untracked 
|  39|0x0000000082700000, 0x0000000082700000, 0x0000000082800000|  0%| F|  |TAMS 0x0000000082700000, 0x0000000082700000| Untracked 
|  40|0x0000000082800000, 0x0000000082800000, 0x0000000082900000|  0%| F|  |TAMS 0x0000000082800000, 0x0000000082800000| Untracked 
|  41|0x0000000082900000, 0x0000000082900000, 0x0000000082a00000|  0%| F|  |TAMS 0x0000000082900000, 0x0000000082900000| Untracked 
|  42|0x0000000082a00000, 0x0000000082a00000, 0x0000000082b00000|  0%| F|  |TAMS 0x0000000082a00000, 0x0000000082a00000| Untracked 
|  43|0x0000000082b00000, 0x0000000082b00000, 0x0000000082c00000|  0%| F|  |TAMS 0x0000000082b00000, 0x0000000082b00000| Untracked 
|  44|0x0000000082c00000, 0x0000000082c00000, 0x0000000082d00000|  0%| F|  |TAMS 0x0000000082c00000, 0x0000000082c00000| Untracked 
|  45|0x0000000082d00000, 0x0000000082d00000, 0x0000000082e00000|  0%| F|  |TAMS 0x0000000082d00000, 0x0000000082d00000| Untracked 
|  46|0x0000000082e00000, 0x0000000082e00000, 0x0000000082f00000|  0%| F|  |TAMS 0x0000000082e00000, 0x0000000082e00000| Untracked 
|  47|0x0000000082f00000, 0x0000000082f00000, 0x0000000083000000|  0%| F|  |TAMS 0x0000000082f00000, 0x0000000082f00000| Untracked 
|  48|0x0000000083000000, 0x0000000083000000, 0x0000000083100000|  0%| F|  |TAMS 0x0000000083000000, 0x0000000083000000| Untracked 
|  49|0x0000000083100000, 0x0000000083100000, 0x0000000083200000|  0%| F|  |TAMS 0x0000000083100000, 0x0000000083100000| Untracked 
|  50|0x0000000083200000, 0x0000000083200000, 0x0000000083300000|  0%| F|  |TAMS 0x0000000083200000, 0x0000000083200000| Untracked 
|  51|0x0000000083300000, 0x0000000083300000, 0x0000000083400000|  0%| F|  |TAMS 0x0000000083300000, 0x0000000083300000| Untracked 
|  52|0x0000000083400000, 0x0000000083400000, 0x0000000083500000|  0%| F|  |TAMS 0x0000000083400000, 0x0000000083400000| Untracked 
|  53|0x0000000083500000, 0x0000000083500000, 0x0000000083600000|  0%| F|  |TAMS 0x0000000083500000, 0x0000000083500000| Untracked 
|  54|0x0000000083600000, 0x0000000083600000, 0x0000000083700000|  0%| F|  |TAMS 0x0000000083600000, 0x0000000083600000| Untracked 
|  55|0x0000000083700000, 0x0000000083700000, 0x0000000083800000|  0%| F|  |TAMS 0x0000000083700000, 0x0000000083700000| Untracked 
|  56|0x0000000083800000, 0x0000000083800000, 0x0000000083900000|  0%| F|  |TAMS 0x0000000083800000, 0x0000000083800000| Untracked 
|  57|0x0000000083900000, 0x0000000083900000, 0x0000000083a00000|  0%| F|  |TAMS 0x0000000083900000, 0x0000000083900000| Untracked 
|  58|0x0000000083a00000, 0x0000000083a00000, 0x0000000083b00000|  0%| F|  |TAMS 0x0000000083a00000, 0x0000000083a00000| Untracked 
|  59|0x0000000083b00000, 0x0000000083b00000, 0x0000000083c00000|  0%| F|  |TAMS 0x0000000083b00000, 0x0000000083b00000| Untracked 
|  60|0x0000000083c00000, 0x0000000083c00000, 0x0000000083d00000|  0%| F|  |TAMS 0x0000000083c00000, 0x0000000083c00000| Untracked 
|  61|0x0000000083d00000, 0x0000000083d00000, 0x0000000083e00000|  0%| F|  |TAMS 0x0000000083d00000, 0x0000000083d00000| Untracked 
|  62|0x0000000083e00000, 0x0000000083e00000, 0x0000000083f00000|  0%| F|  |TAMS 0x0000000083e00000, 0x0000000083e00000| Untracked 
|  63|0x0000000083f00000, 0x0000000083f00000, 0x0000000084000000|  0%| F|  |TAMS 0x0000000083f00000, 0x0000000083f00000| Untracked 
|  64|0x0000000084000000, 0x0000000084000000, 0x0000000084100000|  0%| F|  |TAMS 0x0000000084000000, 0x0000000084000000| Untracked 
|  65|0x0000000084100000, 0x0000000084100000, 0x0000000084200000|  0%| F|  |TAMS 0x0000000084100000, 0x0000000084100000| Untracked 
|  66|0x0000000084200000, 0x0000000084200000, 0x0000000084300000|  0%| F|  |TAMS 0x0000000084200000, 0x0000000084200000| Untracked 
|  67|0x0000000084300000, 0x0000000084300000, 0x0000000084400000|  0%| F|  |TAMS 0x0000000084300000, 0x0000000084300000| Untracked 
|  68|0x0000000084400000, 0x0000000084400000, 0x0000000084500000|  0%| F|  |TAMS 0x0000000084400000, 0x0000000084400000| Untracked 
|  69|0x0000000084500000, 0x0000000084500000, 0x0000000084600000|  0%| F|  |TAMS 0x0000000084500000, 0x0000000084500000| Untracked 
|  70|0x0000000084600000, 0x0000000084600000, 0x0000000084700000|  0%| F|  |TAMS 0x0000000084600000, 0x0000000084600000| Untracked 
|  71|0x0000000084700000, 0x0000000084700000, 0x0000000084800000|  0%| F|  |TAMS 0x0000000084700000, 0x0000000084700000| Untracked 
|  72|0x0000000084800000, 0x0000000084800000, 0x0000000084900000|  0%| F|  |TAMS 0x0000000084800000, 0x0000000084800000| Untracked 
|  73|0x0000000084900000, 0x0000000084900000, 0x0000000084a00000|  0%| F|  |TAMS 0x0000000084900000, 0x0000000084900000| Untracked 
|  74|0x0000000084a00000, 0x0000000084a00000, 0x0000000084b00000|  0%| F|  |TAMS 0x0000000084a00000, 0x0000000084a00000| Untracked 
|  75|0x0000000084b00000, 0x0000000084b00000, 0x0000000084c00000|  0%| F|  |TAMS 0x0000000084b00000, 0x0000000084b00000| Untracked 
|  76|0x0000000084c00000, 0x0000000084c00000, 0x0000000084d00000|  0%| F|  |TAMS 0x0000000084c00000, 0x0000000084c00000| Untracked 
|  77|0x0000000084d00000, 0x0000000084d00000, 0x0000000084e00000|  0%| F|  |TAMS 0x0000000084d00000, 0x0000000084d00000| Untracked 
|  78|0x0000000084e00000, 0x0000000084e00000, 0x0000000084f00000|  0%| F|  |TAMS 0x0000000084e00000, 0x0000000084e00000| Untracked 
|  79|0x0000000084f00000, 0x0000000084f00000, 0x0000000085000000|  0%| F|  |TAMS 0x0000000084f00000, 0x0000000084f00000| Untracked 
|  80|0x0000000085000000, 0x0000000085000000, 0x0000000085100000|  0%| F|  |TAMS 0x0000000085000000, 0x0000000085000000| Untracked 
|  81|0x0000000085100000, 0x0000000085100000, 0x0000000085200000|  0%| F|  |TAMS 0x0000000085100000, 0x0000000085100000| Untracked 
|  82|0x0000000085200000, 0x0000000085200000, 0x0000000085300000|  0%| F|  |TAMS 0x0000000085200000, 0x0000000085200000| Untracked 
|  83|0x0000000085300000, 0x0000000085300000, 0x0000000085400000|  0%| F|  |TAMS 0x0000000085300000, 0x0000000085300000| Untracked 
|  84|0x0000000085400000, 0x0000000085400000, 0x0000000085500000|  0%| F|  |TAMS 0x0000000085400000, 0x0000000085400000| Untracked 
|  85|0x0000000085500000, 0x0000000085500000, 0x0000000085600000|  0%| F|  |TAMS 0x0000000085500000, 0x0000000085500000| Untracked 
|  86|0x0000000085600000, 0x0000000085600000, 0x0000000085700000|  0%| F|  |TAMS 0x0000000085600000, 0x0000000085600000| Untracked 
|  87|0x0000000085700000, 0x0000000085700000, 0x0000000085800000|  0%| F|  |TAMS 0x0000000085700000, 0x0000000085700000| Untracked 
|  88|0x0000000085800000, 0x0000000085800000, 0x0000000085900000|  0%| F|  |TAMS 0x0000000085800000, 0x0000000085800000| Untracked 
|  89|0x0000000085900000, 0x0000000085900000, 0x0000000085a00000|  0%| F|  |TAMS 0x0000000085900000, 0x0000000085900000| Untracked 
|  90|0x0000000085a00000, 0x0000000085a00000, 0x0000000085b00000|  0%| F|  |TAMS 0x0000000085a00000, 0x0000000085a00000| Untracked 
|  91|0x0000000085b00000, 0x0000000085b00000, 0x0000000085c00000|  0%| F|  |TAMS 0x0000000085b00000, 0x0000000085b00000| Untracked 
|  92|0x0000000085c00000, 0x0000000085c00000, 0x0000000085d00000|  0%| F|  |TAMS 0x0000000085c00000, 0x0000000085c00000| Untracked 
|  93|0x0000000085d00000, 0x0000000085d00000, 0x0000000085e00000|  0%| F|  |TAMS 0x0000000085d00000, 0x0000000085d00000| Untracked 
|  94|0x0000000085e00000, 0x0000000085e00000, 0x0000000085f00000|  0%| F|  |TAMS 0x0000000085e00000, 0x0000000085e00000| Untracked 
|  95|0x0000000085f00000, 0x0000000085f00000, 0x0000000086000000|  0%| F|  |TAMS 0x0000000085f00000, 0x0000000085f00000| Untracked 
|  96|0x0000000086000000, 0x0000000086000000, 0x0000000086100000|  0%| F|  |TAMS 0x0000000086000000, 0x0000000086000000| Untracked 
|  97|0x0000000086100000, 0x0000000086100000, 0x0000000086200000|  0%| F|  |TAMS 0x0000000086100000, 0x0000000086100000| Untracked 
|  98|0x0000000086200000, 0x0000000086200000, 0x0000000086300000|  0%| F|  |TAMS 0x0000000086200000, 0x0000000086200000| Untracked 
|  99|0x0000000086300000, 0x0000000086300000, 0x0000000086400000|  0%| F|  |TAMS 0x0000000086300000, 0x0000000086300000| Untracked 
| 100|0x0000000086400000, 0x0000000086400000, 0x0000000086500000|  0%| F|  |TAMS 0x0000000086400000, 0x0000000086400000| Untracked 
| 101|0x0000000086500000, 0x0000000086500000, 0x0000000086600000|  0%| F|  |TAMS 0x0000000086500000, 0x0000000086500000| Untracked 
| 102|0x0000000086600000, 0x0000000086600000, 0x0000000086700000|  0%| F|  |TAMS 0x0000000086600000, 0x0000000086600000| Untracked 
| 103|0x0000000086700000, 0x0000000086700000, 0x0000000086800000|  0%| F|  |TAMS 0x0000000086700000, 0x0000000086700000| Untracked 
| 104|0x0000000086800000, 0x0000000086900000, 0x0000000086900000|100%| S|  |TAMS 0x0000000086800000, 0x0000000086800000| Complete 
| 105|0x0000000086900000, 0x0000000086a00000, 0x0000000086a00000|100%| S|  |TAMS 0x0000000086900000, 0x0000000086900000| Complete 
| 106|0x0000000086a00000, 0x0000000086b00000, 0x0000000086b00000|100%| S|  |TAMS 0x0000000086a00000, 0x0000000086a00000| Complete 
| 107|0x0000000086b00000, 0x0000000086c00000, 0x0000000086c00000|100%| S|  |TAMS 0x0000000086b00000, 0x0000000086b00000| Complete 
| 108|0x0000000086c00000, 0x0000000086d00000, 0x0000000086d00000|100%| S|  |TAMS 0x0000000086c00000, 0x0000000086c00000| Complete 
| 109|0x0000000086d00000, 0x0000000086e00000, 0x0000000086e00000|100%| S|  |TAMS 0x0000000086d00000, 0x0000000086d00000| Complete 
| 110|0x0000000086e00000, 0x0000000086f00000, 0x0000000086f00000|100%| S|  |TAMS 0x0000000086e00000, 0x0000000086e00000| Complete 
| 111|0x0000000086f00000, 0x0000000087000000, 0x0000000087000000|100%| S|  |TAMS 0x0000000086f00000, 0x0000000086f00000| Complete 
| 112|0x0000000087000000, 0x0000000087100000, 0x0000000087100000|100%| S|  |TAMS 0x0000000087000000, 0x0000000087000000| Complete 
| 113|0x0000000087100000, 0x0000000087200000, 0x0000000087200000|100%| S|  |TAMS 0x0000000087100000, 0x0000000087100000| Complete 
| 114|0x0000000087200000, 0x0000000087300000, 0x0000000087300000|100%| S|  |TAMS 0x0000000087200000, 0x0000000087200000| Complete 
| 115|0x0000000087300000, 0x0000000087400000, 0x0000000087400000|100%| S|  |TAMS 0x0000000087300000, 0x0000000087300000| Complete 
| 116|0x0000000087400000, 0x0000000087500000, 0x0000000087500000|100%| S|  |TAMS 0x0000000087400000, 0x0000000087400000| Complete 
| 117|0x0000000087500000, 0x0000000087600000, 0x0000000087600000|100%| S|  |TAMS 0x0000000087500000, 0x0000000087500000| Complete 
| 118|0x0000000087600000, 0x0000000087700000, 0x0000000087700000|100%| S|  |TAMS 0x0000000087600000, 0x0000000087600000| Complete 
| 119|0x0000000087700000, 0x0000000087800000, 0x0000000087800000|100%| S|  |TAMS 0x0000000087700000, 0x0000000087700000| Complete 
| 120|0x0000000087800000, 0x0000000087900000, 0x0000000087900000|100%| S|  |TAMS 0x0000000087800000, 0x0000000087800000| Complete 
| 121|0x0000000087900000, 0x0000000087a00000, 0x0000000087a00000|100%| S|  |TAMS 0x0000000087900000, 0x0000000087900000| Complete 
| 122|0x0000000087a00000, 0x0000000087b00000, 0x0000000087b00000|100%| E|CS|TAMS 0x0000000087a00000, 0x0000000087a00000| Complete 
| 123|0x0000000087b00000, 0x0000000087c00000, 0x0000000087c00000|100%| E|CS|TAMS 0x0000000087b00000, 0x0000000087b00000| Complete 
| 124|0x0000000087c00000, 0x0000000087d00000, 0x0000000087d00000|100%| E|CS|TAMS 0x0000000087c00000, 0x0000000087c00000| Complete 
| 125|0x0000000087d00000, 0x0000000087e00000, 0x0000000087e00000|100%| E|CS|TAMS 0x0000000087d00000, 0x0000000087d00000| Complete 
| 126|0x0000000087e00000, 0x0000000087f00000, 0x0000000087f00000|100%| E|CS|TAMS 0x0000000087e00000, 0x0000000087e00000| Complete 
| 127|0x0000000087f00000, 0x0000000088000000, 0x0000000088000000|100%| E|CS|TAMS 0x0000000087f00000, 0x0000000087f00000| Complete 
| 128|0x0000000088000000, 0x0000000088100000, 0x0000000088100000|100%| E|CS|TAMS 0x0000000088000000, 0x0000000088000000| Complete 
| 129|0x0000000088100000, 0x0000000088200000, 0x0000000088200000|100%| E|CS|TAMS 0x0000000088100000, 0x0000000088100000| Complete 
| 130|0x0000000088200000, 0x0000000088300000, 0x0000000088300000|100%| E|CS|TAMS 0x0000000088200000, 0x0000000088200000| Complete 
| 131|0x0000000088300000, 0x0000000088400000, 0x0000000088400000|100%| E|CS|TAMS 0x0000000088300000, 0x0000000088300000| Complete 
| 132|0x0000000088400000, 0x0000000088500000, 0x0000000088500000|100%| E|CS|TAMS 0x0000000088400000, 0x0000000088400000| Complete 
| 133|0x0000000088500000, 0x0000000088600000, 0x0000000088600000|100%| E|CS|TAMS 0x0000000088500000, 0x0000000088500000| Complete 
| 134|0x0000000088600000, 0x0000000088700000, 0x0000000088700000|100%| E|CS|TAMS 0x0000000088600000, 0x0000000088600000| Complete 
| 135|0x0000000088700000, 0x0000000088800000, 0x0000000088800000|100%| E|CS|TAMS 0x0000000088700000, 0x0000000088700000| Complete 
| 136|0x0000000088800000, 0x0000000088900000, 0x0000000088900000|100%| E|CS|TAMS 0x0000000088800000, 0x0000000088800000| Complete 
| 137|0x0000000088900000, 0x0000000088a00000, 0x0000000088a00000|100%| E|CS|TAMS 0x0000000088900000, 0x0000000088900000| Complete 
| 138|0x0000000088a00000, 0x0000000088b00000, 0x0000000088b00000|100%| E|CS|TAMS 0x0000000088a00000, 0x0000000088a00000| Complete 
| 139|0x0000000088b00000, 0x0000000088c00000, 0x0000000088c00000|100%| E|CS|TAMS 0x0000000088b00000, 0x0000000088b00000| Complete 
| 140|0x0000000088c00000, 0x0000000088d00000, 0x0000000088d00000|100%| E|CS|TAMS 0x0000000088c00000, 0x0000000088c00000| Complete 
| 141|0x0000000088d00000, 0x0000000088e00000, 0x0000000088e00000|100%| E|CS|TAMS 0x0000000088d00000, 0x0000000088d00000| Complete 
| 142|0x0000000088e00000, 0x0000000088f00000, 0x0000000088f00000|100%| E|CS|TAMS 0x0000000088e00000, 0x0000000088e00000| Complete 
| 143|0x0000000088f00000, 0x0000000089000000, 0x0000000089000000|100%| E|CS|TAMS 0x0000000088f00000, 0x0000000088f00000| Complete 
| 144|0x0000000089000000, 0x0000000089100000, 0x0000000089100000|100%| E|CS|TAMS 0x0000000089000000, 0x0000000089000000| Complete 
| 145|0x0000000089100000, 0x0000000089200000, 0x0000000089200000|100%| E|CS|TAMS 0x0000000089100000, 0x0000000089100000| Complete 
| 146|0x0000000089200000, 0x0000000089300000, 0x0000000089300000|100%| E|CS|TAMS 0x0000000089200000, 0x0000000089200000| Complete 
| 147|0x0000000089300000, 0x0000000089400000, 0x0000000089400000|100%| E|CS|TAMS 0x0000000089300000, 0x0000000089300000| Complete 
| 148|0x0000000089400000, 0x0000000089500000, 0x0000000089500000|100%| E|CS|TAMS 0x0000000089400000, 0x0000000089400000| Complete 
| 149|0x0000000089500000, 0x0000000089600000, 0x0000000089600000|100%| E|CS|TAMS 0x0000000089500000, 0x0000000089500000| Complete 
| 150|0x0000000089600000, 0x0000000089700000, 0x0000000089700000|100%| E|CS|TAMS 0x0000000089600000, 0x0000000089600000| Complete 
| 151|0x0000000089700000, 0x0000000089800000, 0x0000000089800000|100%| E|CS|TAMS 0x0000000089700000, 0x0000000089700000| Complete 
| 152|0x0000000089800000, 0x0000000089900000, 0x0000000089900000|100%| E|CS|TAMS 0x0000000089800000, 0x0000000089800000| Complete 
| 153|0x0000000089900000, 0x0000000089a00000, 0x0000000089a00000|100%| E|CS|TAMS 0x0000000089900000, 0x0000000089900000| Complete 
| 154|0x0000000089a00000, 0x0000000089b00000, 0x0000000089b00000|100%| E|CS|TAMS 0x0000000089a00000, 0x0000000089a00000| Complete 
| 155|0x0000000089b00000, 0x0000000089c00000, 0x0000000089c00000|100%| E|CS|TAMS 0x0000000089b00000, 0x0000000089b00000| Complete 
| 156|0x0000000089c00000, 0x0000000089d00000, 0x0000000089d00000|100%| E|CS|TAMS 0x0000000089c00000, 0x0000000089c00000| Complete 
| 157|0x0000000089d00000, 0x0000000089e00000, 0x0000000089e00000|100%| E|CS|TAMS 0x0000000089d00000, 0x0000000089d00000| Complete 
| 158|0x0000000089e00000, 0x0000000089f00000, 0x0000000089f00000|100%| E|CS|TAMS 0x0000000089e00000, 0x0000000089e00000| Complete 
| 159|0x0000000089f00000, 0x000000008a000000, 0x000000008a000000|100%| E|CS|TAMS 0x0000000089f00000, 0x0000000089f00000| Complete 
| 160|0x000000008a000000, 0x000000008a100000, 0x000000008a100000|100%| E|CS|TAMS 0x000000008a000000, 0x000000008a000000| Complete 
| 161|0x000000008a100000, 0x000000008a200000, 0x000000008a200000|100%| E|CS|TAMS 0x000000008a100000, 0x000000008a100000| Complete 
| 162|0x000000008a200000, 0x000000008a300000, 0x000000008a300000|100%| E|CS|TAMS 0x000000008a200000, 0x000000008a200000| Complete 
| 163|0x000000008a300000, 0x000000008a400000, 0x000000008a400000|100%| E|CS|TAMS 0x000000008a300000, 0x000000008a300000| Complete 
| 164|0x000000008a400000, 0x000000008a500000, 0x000000008a500000|100%| E|CS|TAMS 0x000000008a400000, 0x000000008a400000| Complete 
| 165|0x000000008a500000, 0x000000008a600000, 0x000000008a600000|100%| E|CS|TAMS 0x000000008a500000, 0x000000008a500000| Complete 
| 166|0x000000008a600000, 0x000000008a700000, 0x000000008a700000|100%| E|CS|TAMS 0x000000008a600000, 0x000000008a600000| Complete 
| 167|0x000000008a700000, 0x000000008a800000, 0x000000008a800000|100%| E|CS|TAMS 0x000000008a700000, 0x000000008a700000| Complete 
| 168|0x000000008a800000, 0x000000008a900000, 0x000000008a900000|100%| E|CS|TAMS 0x000000008a800000, 0x000000008a800000| Complete 
| 169|0x000000008a900000, 0x000000008aa00000, 0x000000008aa00000|100%| E|CS|TAMS 0x000000008a900000, 0x000000008a900000| Complete 
| 170|0x000000008aa00000, 0x000000008ab00000, 0x000000008ab00000|100%| E|CS|TAMS 0x000000008aa00000, 0x000000008aa00000| Complete 
| 171|0x000000008ab00000, 0x000000008ac00000, 0x000000008ac00000|100%| E|CS|TAMS 0x000000008ab00000, 0x000000008ab00000| Complete 
| 172|0x000000008ac00000, 0x000000008ad00000, 0x000000008ad00000|100%| E|CS|TAMS 0x000000008ac00000, 0x000000008ac00000| Complete 
| 173|0x000000008ad00000, 0x000000008ae00000, 0x000000008ae00000|100%| E|CS|TAMS 0x000000008ad00000, 0x000000008ad00000| Complete 
| 174|0x000000008ae00000, 0x000000008af00000, 0x000000008af00000|100%| E|CS|TAMS 0x000000008ae00000, 0x000000008ae00000| Complete 
| 175|0x000000008af00000, 0x000000008b000000, 0x000000008b000000|100%| E|CS|TAMS 0x000000008af00000, 0x000000008af00000| Complete 
| 176|0x000000008b000000, 0x000000008b100000, 0x000000008b100000|100%| E|CS|TAMS 0x000000008b000000, 0x000000008b000000| Complete 
| 177|0x000000008b100000, 0x000000008b200000, 0x000000008b200000|100%| E|CS|TAMS 0x000000008b100000, 0x000000008b100000| Complete 
| 178|0x000000008b200000, 0x000000008b300000, 0x000000008b300000|100%| E|CS|TAMS 0x000000008b200000, 0x000000008b200000| Complete 
| 179|0x000000008b300000, 0x000000008b400000, 0x000000008b400000|100%| E|CS|TAMS 0x000000008b300000, 0x000000008b300000| Complete 
| 180|0x000000008b400000, 0x000000008b500000, 0x000000008b500000|100%| E|CS|TAMS 0x000000008b400000, 0x000000008b400000| Complete 
| 181|0x000000008b500000, 0x000000008b600000, 0x000000008b600000|100%| E|CS|TAMS 0x000000008b500000, 0x000000008b500000| Complete 
| 182|0x000000008b600000, 0x000000008b700000, 0x000000008b700000|100%| E|CS|TAMS 0x000000008b600000, 0x000000008b600000| Complete 
| 183|0x000000008b700000, 0x000000008b800000, 0x000000008b800000|100%| E|CS|TAMS 0x000000008b700000, 0x000000008b700000| Complete 
| 184|0x000000008b800000, 0x000000008b900000, 0x000000008b900000|100%| E|CS|TAMS 0x000000008b800000, 0x000000008b800000| Complete 
| 185|0x000000008b900000, 0x000000008ba00000, 0x000000008ba00000|100%| E|CS|TAMS 0x000000008b900000, 0x000000008b900000| Complete 
| 186|0x000000008ba00000, 0x000000008bb00000, 0x000000008bb00000|100%| E|CS|TAMS 0x000000008ba00000, 0x000000008ba00000| Complete 
| 187|0x000000008bb00000, 0x000000008bc00000, 0x000000008bc00000|100%| E|CS|TAMS 0x000000008bb00000, 0x000000008bb00000| Complete 
| 188|0x000000008bc00000, 0x000000008bd00000, 0x000000008bd00000|100%| E|CS|TAMS 0x000000008bc00000, 0x000000008bc00000| Complete 
| 189|0x000000008bd00000, 0x000000008be00000, 0x000000008be00000|100%| E|CS|TAMS 0x000000008bd00000, 0x000000008bd00000| Complete 
| 190|0x000000008be00000, 0x000000008bf00000, 0x000000008bf00000|100%| E|CS|TAMS 0x000000008be00000, 0x000000008be00000| Complete 
| 191|0x000000008bf00000, 0x000000008c000000, 0x000000008c000000|100%| E|CS|TAMS 0x000000008bf00000, 0x000000008bf00000| Complete 
| 192|0x000000008c000000, 0x000000008c100000, 0x000000008c100000|100%| E|CS|TAMS 0x000000008c000000, 0x000000008c000000| Complete 
| 193|0x000000008c100000, 0x000000008c200000, 0x000000008c200000|100%| E|CS|TAMS 0x000000008c100000, 0x000000008c100000| Complete 
| 194|0x000000008c200000, 0x000000008c300000, 0x000000008c300000|100%| E|CS|TAMS 0x000000008c200000, 0x000000008c200000| Complete 
| 195|0x000000008c300000, 0x000000008c400000, 0x000000008c400000|100%| E|CS|TAMS 0x000000008c300000, 0x000000008c300000| Complete 
| 196|0x000000008c400000, 0x000000008c500000, 0x000000008c500000|100%| E|CS|TAMS 0x000000008c400000, 0x000000008c400000| Complete 
| 197|0x000000008c500000, 0x000000008c600000, 0x000000008c600000|100%| E|CS|TAMS 0x000000008c500000, 0x000000008c500000| Complete 
| 198|0x000000008c600000, 0x000000008c700000, 0x000000008c700000|100%| E|CS|TAMS 0x000000008c600000, 0x000000008c600000| Complete 
| 199|0x000000008c700000, 0x000000008c800000, 0x000000008c800000|100%| E|CS|TAMS 0x000000008c700000, 0x000000008c700000| Complete 
| 200|0x000000008c800000, 0x000000008c900000, 0x000000008c900000|100%| E|CS|TAMS 0x000000008c800000, 0x000000008c800000| Complete 
| 201|0x000000008c900000, 0x000000008ca00000, 0x000000008ca00000|100%| E|CS|TAMS 0x000000008c900000, 0x000000008c900000| Complete 
| 202|0x000000008ca00000, 0x000000008cb00000, 0x000000008cb00000|100%| E|CS|TAMS 0x000000008ca00000, 0x000000008ca00000| Complete 
| 203|0x000000008cb00000, 0x000000008cc00000, 0x000000008cc00000|100%| E|CS|TAMS 0x000000008cb00000, 0x000000008cb00000| Complete 
| 204|0x000000008cc00000, 0x000000008cd00000, 0x000000008cd00000|100%| E|CS|TAMS 0x000000008cc00000, 0x000000008cc00000| Complete 
| 205|0x000000008cd00000, 0x000000008ce00000, 0x000000008ce00000|100%| E|CS|TAMS 0x000000008cd00000, 0x000000008cd00000| Complete 
| 206|0x000000008ce00000, 0x000000008cf00000, 0x000000008cf00000|100%| E|CS|TAMS 0x000000008ce00000, 0x000000008ce00000| Complete 
| 207|0x000000008cf00000, 0x000000008d000000, 0x000000008d000000|100%| E|CS|TAMS 0x000000008cf00000, 0x000000008cf00000| Complete 
| 208|0x000000008d000000, 0x000000008d100000, 0x000000008d100000|100%| E|CS|TAMS 0x000000008d000000, 0x000000008d000000| Complete 
| 209|0x000000008d100000, 0x000000008d200000, 0x000000008d200000|100%| E|CS|TAMS 0x000000008d100000, 0x000000008d100000| Complete 
| 210|0x000000008d200000, 0x000000008d300000, 0x000000008d300000|100%| E|CS|TAMS 0x000000008d200000, 0x000000008d200000| Complete 
| 211|0x000000008d300000, 0x000000008d400000, 0x000000008d400000|100%| E|CS|TAMS 0x000000008d300000, 0x000000008d300000| Complete 
| 212|0x000000008d400000, 0x000000008d500000, 0x000000008d500000|100%| E|CS|TAMS 0x000000008d400000, 0x000000008d400000| Complete 
| 213|0x000000008d500000, 0x000000008d600000, 0x000000008d600000|100%| E|CS|TAMS 0x000000008d500000, 0x000000008d500000| Complete 
| 214|0x000000008d600000, 0x000000008d700000, 0x000000008d700000|100%| E|CS|TAMS 0x000000008d600000, 0x000000008d600000| Complete 
| 215|0x000000008d700000, 0x000000008d800000, 0x000000008d800000|100%| E|CS|TAMS 0x000000008d700000, 0x000000008d700000| Complete 
| 216|0x000000008d800000, 0x000000008d900000, 0x000000008d900000|100%| E|CS|TAMS 0x000000008d800000, 0x000000008d800000| Complete 
| 217|0x000000008d900000, 0x000000008da00000, 0x000000008da00000|100%| E|CS|TAMS 0x000000008d900000, 0x000000008d900000| Complete 
| 218|0x000000008da00000, 0x000000008db00000, 0x000000008db00000|100%| E|CS|TAMS 0x000000008da00000, 0x000000008da00000| Complete 
| 219|0x000000008db00000, 0x000000008dc00000, 0x000000008dc00000|100%| E|CS|TAMS 0x000000008db00000, 0x000000008db00000| Complete 
| 220|0x000000008dc00000, 0x000000008dd00000, 0x000000008dd00000|100%| E|CS|TAMS 0x000000008dc00000, 0x000000008dc00000| Complete 
| 221|0x000000008dd00000, 0x000000008de00000, 0x000000008de00000|100%| E|CS|TAMS 0x000000008dd00000, 0x000000008dd00000| Complete 
| 222|0x000000008de00000, 0x000000008df00000, 0x000000008df00000|100%| E|CS|TAMS 0x000000008de00000, 0x000000008de00000| Complete 
| 223|0x000000008df00000, 0x000000008e000000, 0x000000008e000000|100%| E|CS|TAMS 0x000000008df00000, 0x000000008df00000| Complete 
| 224|0x000000008e000000, 0x000000008e100000, 0x000000008e100000|100%| E|CS|TAMS 0x000000008e000000, 0x000000008e000000| Complete 
| 225|0x000000008e100000, 0x000000008e200000, 0x000000008e200000|100%| E|CS|TAMS 0x000000008e100000, 0x000000008e100000| Complete 
| 226|0x000000008e200000, 0x000000008e300000, 0x000000008e300000|100%| E|CS|TAMS 0x000000008e200000, 0x000000008e200000| Complete 
| 227|0x000000008e300000, 0x000000008e400000, 0x000000008e400000|100%| E|CS|TAMS 0x000000008e300000, 0x000000008e300000| Complete 
| 228|0x000000008e400000, 0x000000008e500000, 0x000000008e500000|100%| E|CS|TAMS 0x000000008e400000, 0x000000008e400000| Complete 
| 229|0x000000008e500000, 0x000000008e600000, 0x000000008e600000|100%| E|CS|TAMS 0x000000008e500000, 0x000000008e500000| Complete 
| 230|0x000000008e600000, 0x000000008e700000, 0x000000008e700000|100%| E|CS|TAMS 0x000000008e600000, 0x000000008e600000| Complete 
| 231|0x000000008e700000, 0x000000008e800000, 0x000000008e800000|100%| E|CS|TAMS 0x000000008e700000, 0x000000008e700000| Complete 
| 232|0x000000008e800000, 0x000000008e900000, 0x000000008e900000|100%| E|CS|TAMS 0x000000008e800000, 0x000000008e800000| Complete 
| 233|0x000000008e900000, 0x000000008ea00000, 0x000000008ea00000|100%| E|CS|TAMS 0x000000008e900000, 0x000000008e900000| Complete 
| 234|0x000000008ea00000, 0x000000008eb00000, 0x000000008eb00000|100%| E|CS|TAMS 0x000000008ea00000, 0x000000008ea00000| Complete 
| 235|0x000000008eb00000, 0x000000008ec00000, 0x000000008ec00000|100%| E|CS|TAMS 0x000000008eb00000, 0x000000008eb00000| Complete 
| 236|0x000000008ec00000, 0x000000008ed00000, 0x000000008ed00000|100%| E|CS|TAMS 0x000000008ec00000, 0x000000008ec00000| Complete 
| 237|0x000000008ed00000, 0x000000008ee00000, 0x000000008ee00000|100%| E|CS|TAMS 0x000000008ed00000, 0x000000008ed00000| Complete 
| 238|0x000000008ee00000, 0x000000008ef00000, 0x000000008ef00000|100%| E|CS|TAMS 0x000000008ee00000, 0x000000008ee00000| Complete 
| 239|0x000000008ef00000, 0x000000008f000000, 0x000000008f000000|100%| E|CS|TAMS 0x000000008ef00000, 0x000000008ef00000| Complete 
| 240|0x000000008f000000, 0x000000008f100000, 0x000000008f100000|100%| E|CS|TAMS 0x000000008f000000, 0x000000008f000000| Complete 
| 241|0x000000008f100000, 0x000000008f200000, 0x000000008f200000|100%| E|CS|TAMS 0x000000008f100000, 0x000000008f100000| Complete 
| 242|0x000000008f200000, 0x000000008f300000, 0x000000008f300000|100%| E|CS|TAMS 0x000000008f200000, 0x000000008f200000| Complete 
| 243|0x000000008f300000, 0x000000008f400000, 0x000000008f400000|100%| E|CS|TAMS 0x000000008f300000, 0x000000008f300000| Complete 
| 244|0x000000008f400000, 0x000000008f500000, 0x000000008f500000|100%| E|CS|TAMS 0x000000008f400000, 0x000000008f400000| Complete 
| 245|0x000000008f500000, 0x000000008f600000, 0x000000008f600000|100%| E|CS|TAMS 0x000000008f500000, 0x000000008f500000| Complete 
| 246|0x000000008f600000, 0x000000008f700000, 0x000000008f700000|100%| E|CS|TAMS 0x000000008f600000, 0x000000008f600000| Complete 
| 247|0x000000008f700000, 0x000000008f800000, 0x000000008f800000|100%| E|CS|TAMS 0x000000008f700000, 0x000000008f700000| Complete 
| 248|0x000000008f800000, 0x000000008f8bf598, 0x000000008f900000| 74%| E|CS|TAMS 0x000000008f800000, 0x000000008f800000| Complete 
| 249|0x000000008f900000, 0x000000008fa00000, 0x000000008fa00000|100%| E|CS|TAMS 0x000000008f900000, 0x000000008f900000| Complete 
| 250|0x000000008fa00000, 0x000000008fb00000, 0x000000008fb00000|100%| E|CS|TAMS 0x000000008fa00000, 0x000000008fa00000| Complete 
| 251|0x000000008fb00000, 0x000000008fc00000, 0x000000008fc00000|100%| E|CS|TAMS 0x000000008fb00000, 0x000000008fb00000| Complete 
| 252|0x000000008fc00000, 0x000000008fd00000, 0x000000008fd00000|100%| E|CS|TAMS 0x000000008fc00000, 0x000000008fc00000| Complete 
| 253|0x000000008fd00000, 0x000000008fe00000, 0x000000008fe00000|100%| E|CS|TAMS 0x000000008fd00000, 0x000000008fd00000| Complete 
| 254|0x000000008fe00000, 0x000000008ff00000, 0x000000008ff00000|100%| E|CS|TAMS 0x000000008fe00000, 0x000000008fe00000| Complete 
| 255|0x000000008ff00000, 0x0000000090000000, 0x0000000090000000|100%| E|CS|TAMS 0x000000008ff00000, 0x000000008ff00000| Complete 
| 256|0x0000000090000000, 0x0000000090100000, 0x0000000090100000|100%| E|CS|TAMS 0x0000000090000000, 0x0000000090000000| Complete 
| 257|0x0000000090100000, 0x0000000090200000, 0x0000000090200000|100%| E|CS|TAMS 0x0000000090100000, 0x0000000090100000| Complete 
| 258|0x0000000090200000, 0x0000000090300000, 0x0000000090300000|100%| E|CS|TAMS 0x0000000090200000, 0x0000000090200000| Complete 
| 259|0x0000000090300000, 0x0000000090400000, 0x0000000090400000|100%| E|CS|TAMS 0x0000000090300000, 0x0000000090300000| Complete 
| 260|0x0000000090400000, 0x0000000090500000, 0x0000000090500000|100%| E|CS|TAMS 0x0000000090400000, 0x0000000090400000| Complete 
| 261|0x0000000090500000, 0x0000000090600000, 0x0000000090600000|100%| E|CS|TAMS 0x0000000090500000, 0x0000000090500000| Complete 
| 262|0x0000000090600000, 0x0000000090700000, 0x0000000090700000|100%| E|CS|TAMS 0x0000000090600000, 0x0000000090600000| Complete 
| 263|0x0000000090700000, 0x0000000090800000, 0x0000000090800000|100%| E|CS|TAMS 0x0000000090700000, 0x0000000090700000| Complete 
| 264|0x0000000090800000, 0x0000000090900000, 0x0000000090900000|100%| E|CS|TAMS 0x0000000090800000, 0x0000000090800000| Complete 
| 265|0x0000000090900000, 0x0000000090a00000, 0x0000000090a00000|100%| E|CS|TAMS 0x0000000090900000, 0x0000000090900000| Complete 
| 266|0x0000000090a00000, 0x0000000090b00000, 0x0000000090b00000|100%| E|CS|TAMS 0x0000000090a00000, 0x0000000090a00000| Complete 
| 267|0x0000000090b00000, 0x0000000090c00000, 0x0000000090c00000|100%| E|CS|TAMS 0x0000000090b00000, 0x0000000090b00000| Complete 
| 268|0x0000000090c00000, 0x0000000090d00000, 0x0000000090d00000|100%| E|CS|TAMS 0x0000000090c00000, 0x0000000090c00000| Complete 
| 269|0x0000000090d00000, 0x0000000090e00000, 0x0000000090e00000|100%| E|CS|TAMS 0x0000000090d00000, 0x0000000090d00000| Complete 
| 270|0x0000000090e00000, 0x0000000090f00000, 0x0000000090f00000|100%| E|CS|TAMS 0x0000000090e00000, 0x0000000090e00000| Complete 
| 271|0x0000000090f00000, 0x0000000091000000, 0x0000000091000000|100%| E|CS|TAMS 0x0000000090f00000, 0x0000000090f00000| Complete 
| 272|0x0000000091000000, 0x0000000091100000, 0x0000000091100000|100%| E|CS|TAMS 0x0000000091000000, 0x0000000091000000| Complete 
| 273|0x0000000091100000, 0x0000000091200000, 0x0000000091200000|100%| E|CS|TAMS 0x0000000091100000, 0x0000000091100000| Complete 
| 274|0x0000000091200000, 0x0000000091300000, 0x0000000091300000|100%| E|CS|TAMS 0x0000000091200000, 0x0000000091200000| Complete 
| 275|0x0000000091300000, 0x0000000091400000, 0x0000000091400000|100%| E|CS|TAMS 0x0000000091300000, 0x0000000091300000| Complete 
| 276|0x0000000091400000, 0x0000000091500000, 0x0000000091500000|100%| E|CS|TAMS 0x0000000091400000, 0x0000000091400000| Complete 
| 277|0x0000000091500000, 0x0000000091600000, 0x0000000091600000|100%| E|CS|TAMS 0x0000000091500000, 0x0000000091500000| Complete 
| 278|0x0000000091600000, 0x0000000091700000, 0x0000000091700000|100%| E|CS|TAMS 0x0000000091600000, 0x0000000091600000| Complete 
| 279|0x0000000091700000, 0x0000000091800000, 0x0000000091800000|100%| E|CS|TAMS 0x0000000091700000, 0x0000000091700000| Complete 
| 280|0x0000000091800000, 0x0000000091900000, 0x0000000091900000|100%| E|CS|TAMS 0x0000000091800000, 0x0000000091800000| Complete 
| 281|0x0000000091900000, 0x0000000091a00000, 0x0000000091a00000|100%| E|CS|TAMS 0x0000000091900000, 0x0000000091900000| Complete 
| 282|0x0000000091a00000, 0x0000000091b00000, 0x0000000091b00000|100%| E|CS|TAMS 0x0000000091a00000, 0x0000000091a00000| Complete 
| 283|0x0000000091b00000, 0x0000000091c00000, 0x0000000091c00000|100%| E|CS|TAMS 0x0000000091b00000, 0x0000000091b00000| Complete 
| 284|0x0000000091c00000, 0x0000000091d00000, 0x0000000091d00000|100%| E|CS|TAMS 0x0000000091c00000, 0x0000000091c00000| Complete 
| 285|0x0000000091d00000, 0x0000000091e00000, 0x0000000091e00000|100%| E|CS|TAMS 0x0000000091d00000, 0x0000000091d00000| Complete 
| 286|0x0000000091e00000, 0x0000000091f00000, 0x0000000091f00000|100%| E|CS|TAMS 0x0000000091e00000, 0x0000000091e00000| Complete 
| 287|0x0000000091f00000, 0x0000000092000000, 0x0000000092000000|100%| E|CS|TAMS 0x0000000091f00000, 0x0000000091f00000| Complete 
| 288|0x0000000092000000, 0x0000000092100000, 0x0000000092100000|100%| E|CS|TAMS 0x0000000092000000, 0x0000000092000000| Complete 
| 289|0x0000000092100000, 0x0000000092200000, 0x0000000092200000|100%| E|CS|TAMS 0x0000000092100000, 0x0000000092100000| Complete 
| 290|0x0000000092200000, 0x0000000092300000, 0x0000000092300000|100%| E|CS|TAMS 0x0000000092200000, 0x0000000092200000| Complete 
| 291|0x0000000092300000, 0x0000000092400000, 0x0000000092400000|100%| E|CS|TAMS 0x0000000092300000, 0x0000000092300000| Complete 
| 292|0x0000000092400000, 0x0000000092500000, 0x0000000092500000|100%| E|CS|TAMS 0x0000000092400000, 0x0000000092400000| Complete 
| 293|0x0000000092500000, 0x0000000092600000, 0x0000000092600000|100%| E|CS|TAMS 0x0000000092500000, 0x0000000092500000| Complete 
| 294|0x0000000092600000, 0x0000000092700000, 0x0000000092700000|100%| E|CS|TAMS 0x0000000092600000, 0x0000000092600000| Complete 
| 295|0x0000000092700000, 0x0000000092800000, 0x0000000092800000|100%| E|CS|TAMS 0x0000000092700000, 0x0000000092700000| Complete 
| 296|0x0000000092800000, 0x0000000092900000, 0x0000000092900000|100%| E|CS|TAMS 0x0000000092800000, 0x0000000092800000| Complete 
| 297|0x0000000092900000, 0x0000000092a00000, 0x0000000092a00000|100%| E|CS|TAMS 0x0000000092900000, 0x0000000092900000| Complete 
| 298|0x0000000092a00000, 0x0000000092b00000, 0x0000000092b00000|100%| E|CS|TAMS 0x0000000092a00000, 0x0000000092a00000| Complete 
| 299|0x0000000092b00000, 0x0000000092c00000, 0x0000000092c00000|100%| E|CS|TAMS 0x0000000092b00000, 0x0000000092b00000| Complete 
| 300|0x0000000092c00000, 0x0000000092d00000, 0x0000000092d00000|100%| E|CS|TAMS 0x0000000092c00000, 0x0000000092c00000| Complete 
| 301|0x0000000092d00000, 0x0000000092e00000, 0x0000000092e00000|100%| E|CS|TAMS 0x0000000092d00000, 0x0000000092d00000| Complete 
| 302|0x0000000092e00000, 0x0000000092f00000, 0x0000000092f00000|100%| E|CS|TAMS 0x0000000092e00000, 0x0000000092e00000| Complete 
| 303|0x0000000092f00000, 0x0000000093000000, 0x0000000093000000|100%| E|CS|TAMS 0x0000000092f00000, 0x0000000092f00000| Complete 

Card table byte_map: [0x00000197eb1d0000,0x00000197eb5d0000] _byte_map_base: 0x00000197eadd0000

Marking Bits (Prev, Next): (CMBitMap*) 0x00000197d830f0d8, (CMBitMap*) 0x00000197d830f110
 Prev Bits: [0x00000197eb9d0000, 0x00000197ed9d0000)
 Next Bits: [0x00000197ed9d0000, 0x00000197ef9d0000)

Polling page: 0x00000197d61b0000

Metaspace:

Usage:
  Non-class:     41.39 MB capacity,    40.67 MB ( 98%) used,   615.55 KB (  1%) free+waste,   123.06 KB ( <1%) overhead. 
      Class:      6.42 MB capacity,     5.97 MB ( 93%) used,   398.44 KB (  6%) free+waste,    58.75 KB ( <1%) overhead. 
       Both:     47.81 MB capacity,    46.64 MB ( 98%) used,  1013.99 KB (  2%) free+waste,   181.81 KB ( <1%) overhead. 

Virtual space:
  Non-class space:       42.00 MB reserved,      41.62 MB (>99%) committed 
      Class space:        1.00 GB reserved,       6.50 MB ( <1%) committed 
             Both:        1.04 GB reserved,      48.12 MB (  5%) committed 

Chunk freelists:
   Non-Class:  40.00 KB
       Class:  0 bytes
        Both:  40.00 KB

MaxMetaspaceSize: 17179869184.00 GB
CompressedClassSpaceSize: 1.00 GB

CodeHeap 'non-profiled nmethods': size=120064Kb used=2670Kb max_used=2670Kb free=117393Kb
 bounds [0x00000197e3890000, 0x00000197e3b30000, 0x00000197eadd0000]
CodeHeap 'profiled nmethods': size=120000Kb used=9954Kb max_used=9954Kb free=110045Kb
 bounds [0x00000197dc360000, 0x00000197dcd20000, 0x00000197e3890000]
CodeHeap 'non-nmethods': size=5696Kb used=2216Kb max_used=2275Kb free=3479Kb
 bounds [0x00000197dbdd0000, 0x00000197dc040000, 0x00000197dc360000]
 total_blobs=5674 nmethods=4887 adapters=698
 compilation: enabled
              stopped_count=0, restarted_count=0
 full_count=0

Compilation events (20 events):
Event: 8.206 Thread 0x00000197f27cb800 nmethod 4879 0x00000197e3b2af90 code [0x00000197e3b2b140, 0x00000197e3b2b1f8]
Event: 8.206 Thread 0x00000197f27cb800 4882       1       com.google.common.cache.LocalCache$1::get (2 bytes)
Event: 8.206 Thread 0x00000197f27cb800 nmethod 4882 0x00000197e3b2b290 code [0x00000197e3b2b440, 0x00000197e3b2b4f8]
Event: 8.207 Thread 0x00000197f27c8000 4883       4       java.lang.invoke.MethodType::makeImpl (108 bytes)
Event: 8.208 Thread 0x00000197f27cb800 4884       3       java.lang.invoke.MemberName::equals (24 bytes)
Event: 8.208 Thread 0x00000197f27cb800 nmethod 4884 0x00000197dcd16190 code [0x00000197dcd16360, 0x00000197dcd166e8]
Event: 8.208 Thread 0x00000197f27cb800 4885       3       org.gradle.util.internal.DefaultGradleVersion::compareTo (9 bytes)
Event: 8.208 Thread 0x00000197f27cb800 nmethod 4885 0x00000197dcd16790 code [0x00000197dcd16960, 0x00000197dcd16b88]
Event: 8.208 Thread 0x00000197f27cb800 4886       3       java.util.concurrent.ThreadPoolExecutor::workerCountOf (5 bytes)
Event: 8.208 Thread 0x00000197f27cb800 nmethod 4886 0x00000197dcd16c90 code [0x00000197dcd16e40, 0x00000197dcd16f18]
Event: 8.208 Thread 0x00000197f27cb800 4887       1       org.gradle.api.internal.artifacts.ivyservice.ResolvedArtifactCollectingVisitor::requireArtifactFiles (2 bytes)
Event: 8.208 Thread 0x00000197f27cb800 nmethod 4887 0x00000197e3b2b590 code [0x00000197e3b2b740, 0x00000197e3b2b7f8]
Event: 8.208 Thread 0x00000197f27cb800 4888       3       java.util.concurrent.ThreadPoolExecutor::isRunning (10 bytes)
Event: 8.208 Thread 0x00000197f27cb800 nmethod 4888 0x00000197dcd16f90 code [0x00000197dcd17140, 0x00000197dcd17278]
Event: 8.209 Thread 0x00000197f27cb800 4889       3       org.gradle.cache.internal.btree.CachingBlockStore::maybeCache (23 bytes)
Event: 8.210 Thread 0x00000197f27cb800 nmethod 4889 0x00000197dcd17310 code [0x00000197dcd175a0, 0x00000197dcd181c8]
Event: 8.210 Thread 0x00000197f27cb800 4890       3       org.gradle.cache.internal.btree.CachingBlockStore::isCacheable (12 bytes)
Event: 8.210 Thread 0x00000197f27cb800 nmethod 4890 0x00000197dcd18690 code [0x00000197dcd18860, 0x00000197dcd18a48]
Event: 8.210 Thread 0x00000197f27cb800 4891       1       org.gradle.internal.operations.DefaultBuildOperationQueue::access$100 (5 bytes)
Event: 8.210 Thread 0x00000197f27cb800 nmethod 4891 0x00000197e3b2b890 code [0x00000197e3b2ba40, 0x00000197e3b2bad8]

GC Heap History (15 events):
Event: 1.221 GC heap before
{Heap before GC invocations=0 (full 0):
 garbage-first heap   total 311296K, used 20480K [0x0000000080000000, 0x0000000100000000)
  region size 1024K, 15 young (15360K), 0 survivors (0K)
 Metaspace       used 7019K, capacity 7121K, committed 7424K, reserved 1056768K
  class space    used 619K, capacity 650K, committed 768K, reserved 1048576K
}
Event: 1.242 GC heap after
{Heap after GC invocations=1 (full 0):
 garbage-first heap   total 311296K, used 8212K [0x0000000080000000, 0x0000000100000000)
  region size 1024K, 2 young (2048K), 2 survivors (2048K)
 Metaspace       used 7019K, capacity 7121K, committed 7424K, reserved 1056768K
  class space    used 619K, capacity 650K, committed 768K, reserved 1048576K
}
Event: 1.593 GC heap before
{Heap before GC invocations=1 (full 0):
 garbage-first heap   total 311296K, used 21524K [0x0000000080000000, 0x0000000100000000)
  region size 1024K, 15 young (15360K), 2 survivors (2048K)
 Metaspace       used 10474K, capacity 10719K, committed 11008K, reserved 1058816K
  class space    used 1088K, capacity 1173K, committed 1280K, reserved 1048576K
}
Event: 1.596 GC heap after
{Heap after GC invocations=2 (full 0):
 garbage-first heap   total 311296K, used 9269K [0x0000000080000000, 0x0000000100000000)
  region size 1024K, 1 young (1024K), 1 survivors (1024K)
 Metaspace       used 10474K, capacity 10719K, committed 11008K, reserved 1058816K
  class space    used 1088K, capacity 1173K, committed 1280K, reserved 1048576K
}
Event: 1.978 GC heap before
{Heap before GC invocations=2 (full 0):
 garbage-first heap   total 311296K, used 39989K [0x0000000080000000, 0x0000000100000000)
  region size 1024K, 30 young (30720K), 1 survivors (1024K)
 Metaspace       used 11319K, capacity 11514K, committed 11776K, reserved 1060864K
  class space    used 1176K, capacity 1246K, committed 1280K, reserved 1048576K
}
Event: 1.981 GC heap after
{Heap after GC invocations=3 (full 0):
 garbage-first heap   total 311296K, used 12767K [0x0000000080000000, 0x0000000100000000)
  region size 1024K, 4 young (4096K), 4 survivors (4096K)
 Metaspace       used 11319K, capacity 11514K, committed 11776K, reserved 1060864K
  class space    used 1176K, capacity 1246K, committed 1280K, reserved 1048576K
}
Event: 3.148 GC heap before
{Heap before GC invocations=3 (full 0):
 garbage-first heap   total 311296K, used 55775K [0x0000000080000000, 0x0000000100000000)
  region size 1024K, 46 young (47104K), 4 survivors (4096K)
 Metaspace       used 18154K, capacity 18523K, committed 18688K, reserved 1064960K
  class space    used 2162K, capacity 2287K, committed 2304K, reserved 1048576K
}
Event: 3.153 GC heap after
{Heap after GC invocations=4 (full 0):
 garbage-first heap   total 311296K, used 16029K [0x0000000080000000, 0x0000000100000000)
  region size 1024K, 4 young (4096K), 4 survivors (4096K)
 Metaspace       used 18154K, capacity 18523K, committed 18688K, reserved 1064960K
  class space    used 2162K, capacity 2287K, committed 2304K, reserved 1048576K
}
Event: 3.387 GC heap before
{Heap before GC invocations=4 (full 0):
 garbage-first heap   total 311296K, used 37533K [0x0000000080000000, 0x0000000100000000)
  region size 1024K, 26 young (26624K), 4 survivors (4096K)
 Metaspace       used 20688K, capacity 21109K, committed 21296K, reserved 1069056K
  class space    used 2533K, capacity 2659K, committed 2688K, reserved 1048576K
}
Event: 3.392 GC heap after
{Heap after GC invocations=5 (full 0):
 garbage-first heap   total 311296K, used 16845K [0x0000000080000000, 0x0000000100000000)
  region size 1024K, 5 young (5120K), 5 survivors (5120K)
 Metaspace       used 20688K, capacity 21109K, committed 21296K, reserved 1069056K
  class space    used 2533K, capacity 2659K, committed 2688K, reserved 1048576K
}
Event: 4.513 GC heap before
{Heap before GC invocations=6 (full 0):
 garbage-first heap   total 311296K, used 80333K [0x0000000080000000, 0x0000000100000000)
  region size 1024K, 68 young (69632K), 5 survivors (5120K)
 Metaspace       used 26900K, capacity 27513K, committed 27824K, reserved 1073152K
  class space    used 3537K, capacity 3739K, committed 3840K, reserved 1048576K
}
Event: 4.521 GC heap after
{Heap after GC invocations=7 (full 0):
 garbage-first heap   total 311296K, used 19257K [0x0000000080000000, 0x0000000100000000)
  region size 1024K, 7 young (7168K), 7 survivors (7168K)
 Metaspace       used 26900K, capacity 27513K, committed 27824K, reserved 1073152K
  class space    used 3537K, capacity 3739K, committed 3840K, reserved 1048576K
}
Event: 5.495 GC heap before
{Heap before GC invocations=7 (full 0):
 garbage-first heap   total 311296K, used 65337K [0x0000000080000000, 0x0000000100000000)
  region size 1024K, 53 young (54272K), 7 survivors (7168K)
 Metaspace       used 34853K, capacity 35646K, committed 35708K, reserved 1081344K
  class space    used 4532K, capacity 4857K, committed 4864K, reserved 1048576K
}
Event: 5.506 GC heap after
{Heap after GC invocations=8 (full 0):
 garbage-first heap   total 311296K, used 22604K [0x0000000080000000, 0x0000000100000000)
  region size 1024K, 10 young (10240K), 10 survivors (10240K)
 Metaspace       used 34853K, capacity 35646K, committed 35708K, reserved 1081344K
  class space    used 4532K, capacity 4857K, committed 4864K, reserved 1048576K
}
Event: 8.211 GC heap before
{Heap before GC invocations=9 (full 0):
 garbage-first heap   total 311296K, used 201804K [0x0000000080000000, 0x0000000100000000)
  region size 1024K, 182 young (186368K), 10 survivors (10240K)
 Metaspace       used 47762K, capacity 48958K, committed 49276K, reserved 1091584K
  class space    used 6112K, capacity 6570K, committed 6656K, reserved 1048576K
}

Deoptimization events (20 events):
Event: 8.149 Thread 0x00000197f587e000 Uncommon trap: trap_request=0xffffffc6 fr.pc=0x00000197e3b1bc44 relative=0x00000000000004c4
Event: 8.149 Thread 0x00000197f587e000 Uncommon trap: reason=bimorphic_or_optimized_type_check action=maybe_recompile pc=0x00000197e3b1bc44 method=com.google.common.collect.ImmutableList.copyOf(Ljava/util/Collection;)Lcom/google/common/collect/ImmutableList; @ 35 c2
Event: 8.149 Thread 0x00000197f587e000 DEOPT PACKING pc=0x00000197e3b1bc44 sp=0x00000031df5f8980
Event: 8.149 Thread 0x00000197f587e000 DEOPT UNPACKING pc=0x00000197dbdf65af sp=0x00000031df5f8948 mode 2
Event: 8.172 Thread 0x00000197f587e000 Uncommon trap: trap_request=0xffffffc6 fr.pc=0x00000197e3b20cf8 relative=0x0000000000000298
Event: 8.172 Thread 0x00000197f587e000 Uncommon trap: reason=bimorphic_or_optimized_type_check action=maybe_recompile pc=0x00000197e3b20cf8 method=com.google.common.collect.ImmutableList.copyOf(Ljava/util/Collection;)Lcom/google/common/collect/ImmutableList; @ 11 c2
Event: 8.172 Thread 0x00000197f587e000 DEOPT PACKING pc=0x00000197e3b20cf8 sp=0x00000031df5f8490
Event: 8.172 Thread 0x00000197f587e000 DEOPT UNPACKING pc=0x00000197dbdf65af sp=0x00000031df5f8458 mode 2
Event: 8.172 Thread 0x00000197f587e000 Uncommon trap: trap_request=0xffffffc6 fr.pc=0x00000197e3b20cf8 relative=0x0000000000000298
Event: 8.172 Thread 0x00000197f587e000 Uncommon trap: reason=bimorphic_or_optimized_type_check action=maybe_recompile pc=0x00000197e3b20cf8 method=com.google.common.collect.ImmutableList.copyOf(Ljava/util/Collection;)Lcom/google/common/collect/ImmutableList; @ 11 c2
Event: 8.173 Thread 0x00000197f587e000 DEOPT PACKING pc=0x00000197e3b20cf8 sp=0x00000031df5f8490
Event: 8.173 Thread 0x00000197f587e000 DEOPT UNPACKING pc=0x00000197dbdf65af sp=0x00000031df5f8458 mode 2
Event: 8.190 Thread 0x00000197f3f91800 Uncommon trap: trap_request=0xffffff4d fr.pc=0x00000197e3b0a400 relative=0x0000000000000220
Event: 8.190 Thread 0x00000197f3f91800 Uncommon trap: reason=unstable_if action=reinterpret pc=0x00000197e3b0a400 method=com.esotericsoftware.kryo.io.Output.writeString(Ljava/lang/CharSequence;)V @ 20 c2
Event: 8.190 Thread 0x00000197f3f91800 DEOPT PACKING pc=0x00000197e3b0a400 sp=0x00000031df6fe770
Event: 8.190 Thread 0x00000197f3f91800 DEOPT UNPACKING pc=0x00000197dbdf65af sp=0x00000031df6fe6f8 mode 2
Event: 8.206 Thread 0x00000197f61d7000 Uncommon trap: trap_request=0xffffff5c fr.pc=0x00000197e3ab9d64 relative=0x0000000000001424
Event: 8.206 Thread 0x00000197f61d7000 Uncommon trap: reason=speculate_null_assert action=make_not_entrant pc=0x00000197e3ab9d64 method=java.lang.invoke.MethodType$ConcurrentWeakInternSet.add(Ljava/lang/Object;)Ljava/lang/Object; @ 47 c2
Event: 8.206 Thread 0x00000197f61d7000 DEOPT PACKING pc=0x00000197e3ab9d64 sp=0x00000031e0bfd300
Event: 8.206 Thread 0x00000197f61d7000 DEOPT UNPACKING pc=0x00000197dbdf65af sp=0x00000031e0bfd2b8 mode 2

Classes redefined (0 events):
No events

Internal exceptions (20 events):
Event: 7.098 Thread 0x00000197f587e000 Exception <a 'java/lang/ClassNotFoundException'{0x000000008bf09a98}: org/gradle/api/internal/artifacts/repositories/DefaultRepositoryContentDescriptorCustomizer> (0x000000008bf09a98) thrown at [./src/hotspot/share/classfile/systemDictionary.cpp, line 231]
Event: 7.099 Thread 0x00000197f587e000 Exception <a 'java/lang/ClassNotFoundException'{0x000000008bf5c5c0}: org/gradle/api/internal/artifacts/repositories/DefaultMavenRepositoryContentDescriptorCustomizer> (0x000000008bf5c5c0) thrown at [./src/hotspot/share/classfile/systemDictionary.cpp, line 231]
Event: 7.251 Thread 0x00000197f587e000 Exception <a 'java/lang/ClassNotFoundException'{0x000000008b7391c0}: org/gradle/api/internal/artifacts/dsl/dependencies/DefaultDependencyHandler_DecoratedBeanInfo> (0x000000008b7391c0) thrown at [./src/hotspot/share/classfile/systemDictionary.cpp, line 231]
Event: 7.252 Thread 0x00000197f587e000 Exception <a 'java/lang/ClassNotFoundException'{0x000000008b777708}: org/gradle/api/internal/artifacts/dsl/dependencies/DefaultDependencyHandlerBeanInfo> (0x000000008b777708) thrown at [./src/hotspot/share/classfile/systemDictionary.cpp, line 231]
Event: 7.253 Thread 0x00000197f587e000 Exception <a 'java/lang/ClassNotFoundException'{0x000000008b7b6048}: org/gradle/api/internal/artifacts/dsl/dependencies/DefaultDependencyHandlerCustomizer> (0x000000008b7b6048) thrown at [./src/hotspot/share/classfile/systemDictionary.cpp, line 231]
Event: 7.256 Thread 0x00000197f587e000 Exception <a 'java/lang/ClassNotFoundException'{0x000000008b61e750}: org/gradle/api/internal/artifacts/dsl/dependencies/DefaultDependencyHandler_DecoratedCustomizer> (0x000000008b61e750) thrown at [./src/hotspot/share/classfile/systemDictionary.cpp, line 231]
Event: 7.276 Thread 0x00000197f587e000 Exception <a 'java/lang/ClassNotFoundException'{0x000000008b59dca0}: org/gradle/plugin/use/internal/PluginRequestCollector$PluginDependenciesSpecImplBeanInfo> (0x000000008b59dca0) thrown at [./src/hotspot/share/classfile/systemDictionary.cpp, line 231]
Event: 7.277 Thread 0x00000197f587e000 Exception <a 'java/lang/ClassNotFoundException'{0x000000008b5cca88}: org/gradle/plugin/use/internal/PluginRequestCollector$PluginDependenciesSpecImplCustomizer> (0x000000008b5cca88) thrown at [./src/hotspot/share/classfile/systemDictionary.cpp, line 231]
Event: 7.283 Thread 0x00000197f587e000 Exception <a 'java/lang/ClassNotFoundException'{0x000000008b42b398}: org/gradle/plugin/use/internal/PluginRequestCollector$PluginDependencySpecImplBeanInfo> (0x000000008b42b398) thrown at [./src/hotspot/share/classfile/systemDictionary.cpp, line 231]
Event: 7.284 Thread 0x00000197f587e000 Exception <a 'java/lang/ClassNotFoundException'{0x000000008b459408}: org/gradle/plugin/use/internal/PluginRequestCollector$PluginDependencySpecImplCustomizer> (0x000000008b459408) thrown at [./src/hotspot/share/classfile/systemDictionary.cpp, line 231]
Event: 7.546 Thread 0x00000197f587e000 Exception <a 'java/lang/IncompatibleClassChangeError'{0x000000008a15de70}: Found class java.lang.Object, but interface was expected> (0x000000008a15de70) thrown at [./src/hotspot/share/interpreter/linkResolver.cpp, line 839]
Event: 7.641 Thread 0x00000197f587e000 Exception <a 'java/lang/NoSuchMethodError'{0x0000000089940ea8}: 'int java.lang.invoke.DirectMethodHandle$Holder.invokeStaticInit(java.lang.Object)'> (0x0000000089940ea8) thrown at [./src/hotspot/share/interpreter/linkResolver.cpp, line 773]
Event: 7.667 Thread 0x00000197f587e000 Exception <a 'java/lang/NoSuchMethodError'{0x00000000897f92f8}: 'void java.lang.invoke.DirectMethodHandle$Holder.invokeStatic(java.lang.Object, java.lang.Object, java.lang.Object, int, java.lang.Object)'> (0x00000000897f92f8) thrown at [./src/hotspot/share/interpreter/linkResolver.cpp, line 773]
Event: 7.709 Thread 0x00000197f587e000 Exception <a 'java/lang/NoSuchMethodError'{0x00000000892057b0}: 'java.lang.Object java.lang.invoke.DelegatingMethodHandle$Holder.reinvoke_L(java.lang.Object, java.lang.Object, java.lang.Object, java.lang.Object, java.lang.Object, java.lang.Object, java.lang.Object, java.lang.Object, java.lang.Object, java.lang.Object, java.lang.Object, java.lang.Object, java.lang.Object, java.lang.Object, java.lang.Object, java.lang.Object, java.lang.Object, java.lang.Object, java.lang.Object, java.lang.Object)'> (0x000000
Event: 7.710 Thread 0x00000197f587e000 Exception <a 'java/lang/NoSuchMethodError'{0x0000000089211250}: 'java.lang.Object java.lang.invoke.DirectMethodHandle$Holder.invokeSpecial(java.lang.Object, java.lang.Object, java.lang.Object, java.lang.Object, java.lang.Object, java.lang.Object, java.lang.Object, java.lang.Object, java.lang.Object, java.lang.Object, java.lang.Object, java.lang.Object, java.lang.Object, java.lang.Object, java.lang.Object, java.lang.Object, java.lang.Object, java.lang.Object, java.lang.Object, java.lang.Object)'> (0x0000000
Event: 7.710 Thread 0x00000197f587e000 Exception <a 'java/lang/NoSuchMethodError'{0x0000000089217190}: 'java.lang.Object java.lang.invoke.Invokers$Holder.invoker(java.lang.Object, java.lang.Object, java.lang.Object, java.lang.Object, java.lang.Object, java.lang.Object, java.lang.Object, java.lang.Object, java.lang.Object, java.lang.Object, java.lang.Object, java.lang.Object, java.lang.Object, java.lang.Object, java.lang.Object, java.lang.Object, java.lang.Object, java.lang.Object, java.lang.Object, java.lang.Object)'> (0x0000000089217190) throw
Event: 7.710 Thread 0x00000197f587e000 Exception <a 'java/lang/NoSuchMethodError'{0x000000008921e2a0}: 'java.lang.Object java.lang.invoke.DelegatingMethodHandle$Holder.delegate(java.lang.Object, java.lang.Object, java.lang.Object, java.lang.Object, java.lang.Object, java.lang.Object, java.lang.Object, java.lang.Object, java.lang.Object, java.lang.Object, java.lang.Object, java.lang.Object, java.lang.Object, java.lang.Object, java.lang.Object, java.lang.Object, java.lang.Object, java.lang.Object, java.lang.Object, java.lang.Object)'> (0x00000000
Event: 7.715 Thread 0x00000197f587e000 Exception <a 'java/lang/NoSuchMethodError'{0x0000000089265a00}: 'java.lang.Object java.lang.invoke.DirectMethodHandle$Holder.invokeStatic(java.lang.Object, java.lang.Object, java.lang.Object, java.lang.Object, java.lang.Object, java.lang.Object, java.lang.Object, java.lang.Object, java.lang.Object, java.lang.Object, java.lang.Object, java.lang.Object, java.lang.Object, java.lang.Object, java.lang.Object)'> (0x0000000089265a00) thrown at [./src/hotspot/share/interpreter/linkResolver.cpp, line 773]
Event: 7.717 Thread 0x00000197f587e000 Exception <a 'java/lang/NoSuchMethodError'{0x0000000089276150}: 'java.lang.Object java.lang.invoke.DirectMethodHandle$Holder.invokeStatic(java.lang.Object, java.lang.Object, java.lang.Object, java.lang.Object, java.lang.Object, java.lang.Object, java.lang.Object, java.lang.Object, java.lang.Object, java.lang.Object, java.lang.Object, java.lang.Object, java.lang.Object, java.lang.Object, java.lang.Object, java.lang.Object)'> (0x0000000089276150) thrown at [./src/hotspot/share/interpreter/linkResolver.cpp, l
Event: 7.718 Thread 0x00000197f587e000 Exception <a 'java/lang/NoSuchMethodError'{0x0000000089286870}: 'java.lang.Object java.lang.invoke.DelegatingMethodHandle$Holder.reinvoke_L(java.lang.Object, java.lang.Object, java.lang.Object, java.lang.Object, java.lang.Object, java.lang.Object, java.lang.Object, java.lang.Object, java.lang.Object, java.lang.Object, java.lang.Object, java.lang.Object, java.lang.Object, java.lang.Object, java.lang.Object, java.lang.Object, java.lang.Object, java.lang.Object, java.lang.Object)'> (0x0000000089286870) thrown

Events (20 events):
Event: 8.207 Thread 0x00000197f670c000 Thread added: 0x00000197f670c000
Event: 8.207 loading class org/gradle/api/internal/artifacts/ivyservice/modulecache/artifacts/ArtifactAtRepositoryKey
Event: 8.207 loading class org/gradle/api/internal/artifacts/ivyservice/modulecache/artifacts/ArtifactAtRepositoryKey done
Event: 8.207 Thread 0x00000197f6706000 Thread added: 0x00000197f6706000
Event: 8.207 Thread 0x00000197f670c800 Thread added: 0x00000197f670c800
Event: 8.207 Thread 0x00000197f6707000 Thread added: 0x00000197f6707000
Event: 8.207 Thread 0x00000197f6710000 Thread added: 0x00000197f6710000
Event: 8.208 loading class org/gradle/internal/resource/cached/CachedItem
Event: 8.208 loading class org/gradle/internal/resource/cached/CachedItem done
Event: 8.208 loading class org/gradle/internal/resource/cached/CachedItem
Event: 8.208 loading class org/gradle/internal/resource/cached/CachedItem done
Event: 8.208 loading class org/gradle/internal/resource/cached/AbstractCachedIndex
Event: 8.208 loading class org/gradle/internal/resource/cached/AbstractCachedIndex done
Event: 8.208 Thread 0x00000197f6710800 Thread added: 0x00000197f6710800
Event: 8.208 Thread 0x00000197f6711800 Thread added: 0x00000197f6711800
Event: 8.208 Thread 0x00000197f670e800 Thread added: 0x00000197f670e800
Event: 8.208 Thread 0x00000197f670d800 Thread added: 0x00000197f670d800
Event: 8.208 loading class org/gradle/api/internal/artifacts/ivyservice/ivyresolve/ErrorHandlingModuleComponentRepository$ErrorHandlingModuleComponentRepositoryAccess
Event: 8.208 loading class org/gradle/api/internal/artifacts/ivyservice/ivyresolve/ErrorHandlingModuleComponentRepository$ErrorHandlingModuleComponentRepositoryAccess done
Event: 8.210 Executing VM operation: G1CollectForAllocation


Dynamic libraries:
0x00007ff790e10000 - 0x00007ff790e1a000 	C:\Program Files\Android\Android Studio\jre\bin\java.exe
0x00007ffd377f0000 - 0x00007ffd379e5000 	C:\Windows\SYSTEM32\ntdll.dll
0x00007ffd36ca0000 - 0x00007ffd36d5d000 	C:\Windows\System32\KERNEL32.DLL
0x00007ffd34fa0000 - 0x00007ffd3526d000 	C:\Windows\System32\KERNELBASE.dll
0x00007ffd35510000 - 0x00007ffd35610000 	C:\Windows\System32\ucrtbase.dll
0x00007ffd13ac0000 - 0x00007ffd13ad9000 	C:\Program Files\Android\Android Studio\jre\bin\jli.dll
0x00007ffd37500000 - 0x00007ffd376a0000 	C:\Windows\System32\USER32.dll
0x00007ffd356b0000 - 0x00007ffd356d2000 	C:\Windows\System32\win32u.dll
0x00007ffd36c70000 - 0x00007ffd36c9a000 	C:\Windows\System32\GDI32.dll
0x00007ffd35730000 - 0x00007ffd3583b000 	C:\Windows\System32\gdi32full.dll
0x00007ffd35610000 - 0x00007ffd356ad000 	C:\Windows\System32\msvcp_win.dll
0x00007ffd12790000 - 0x00007ffd127a7000 	C:\Program Files\Android\Android Studio\jre\bin\VCRUNTIME140.dll
0x00007ffd28e60000 - 0x00007ffd290fa000 	C:\Windows\WinSxS\amd64_microsoft.windows.common-controls_6595b64144ccf1df_6.0.19041.1110_none_60b5254171f9507e\COMCTL32.dll
0x00007ffd37440000 - 0x00007ffd374de000 	C:\Windows\System32\msvcrt.dll
0x00007ffd36e10000 - 0x00007ffd36e40000 	C:\Windows\System32\IMM32.DLL
0x00007ffd09a40000 - 0x00007ffd09add000 	C:\Program Files\Android\Android Studio\jre\bin\msvcp140.dll
0x00007ffcfdec0000 - 0x00007ffcfe995000 	C:\Program Files\Android\Android Studio\jre\bin\server\jvm.dll
0x00007ffd35a90000 - 0x00007ffd35b3e000 	C:\Windows\System32\ADVAPI32.dll
0x00007ffd35840000 - 0x00007ffd358dc000 	C:\Windows\System32\sechost.dll
0x00007ffd36450000 - 0x00007ffd36575000 	C:\Windows\System32\RPCRT4.dll
0x00007ffd377a0000 - 0x00007ffd377a8000 	C:\Windows\System32\PSAPI.DLL
0x00007ffd1e650000 - 0x00007ffd1e659000 	C:\Windows\SYSTEM32\WSOCK32.dll
0x00007ffd363e0000 - 0x00007ffd3644b000 	C:\Windows\System32\WS2_32.dll
0x00007ffd29eb0000 - 0x00007ffd29ed7000 	C:\Windows\SYSTEM32\WINMM.dll
0x00007ffd2dad0000 - 0x00007ffd2dada000 	C:\Windows\SYSTEM32\VERSION.dll
0x00007ffd32e20000 - 0x00007ffd32e32000 	C:\Windows\SYSTEM32\kernel.appcore.dll
0x00007ffd015e0000 - 0x00007ffd015f1000 	C:\Program Files\Android\Android Studio\jre\bin\verify.dll
0x00007ffd1edf0000 - 0x00007ffd1efd4000 	C:\Windows\SYSTEM32\DBGHELP.DLL
0x00007ffd1efe0000 - 0x00007ffd1f00c000 	C:\Windows\SYSTEM32\dbgcore.DLL
0x00007ffd35320000 - 0x00007ffd353a2000 	C:\Windows\System32\bcryptPrimitives.dll
0x00007ffcfde90000 - 0x00007ffcfdeb9000 	C:\Program Files\Android\Android Studio\jre\bin\java.dll
0x00007ffd212f0000 - 0x00007ffd212fb000 	C:\Program Files\Android\Android Studio\jre\bin\jimage.dll
0x00007ffd00160000 - 0x00007ffd00178000 	C:\Program Files\Android\Android Studio\jre\bin\zip.dll
0x00007ffd35b40000 - 0x00007ffd36284000 	C:\Windows\System32\SHELL32.dll
0x00007ffd33020000 - 0x00007ffd337b4000 	C:\Windows\SYSTEM32\windows.storage.dll
0x00007ffd36580000 - 0x00007ffd368d4000 	C:\Windows\System32\combase.dll
0x00007ffd34960000 - 0x00007ffd3498c000 	C:\Windows\SYSTEM32\Wldp.dll
0x00007ffd36bc0000 - 0x00007ffd36c6d000 	C:\Windows\System32\SHCORE.dll
0x00007ffd36380000 - 0x00007ffd363d5000 	C:\Windows\System32\shlwapi.dll
0x00007ffd34e40000 - 0x00007ffd34e5f000 	C:\Windows\SYSTEM32\profapi.dll
0x00007ffcfde40000 - 0x00007ffcfde5a000 	C:\Program Files\Android\Android Studio\jre\bin\net.dll
0x00007ffd2bbe0000 - 0x00007ffd2bcea000 	C:\Windows\SYSTEM32\WINHTTP.dll
0x00007ffd346c0000 - 0x00007ffd3472a000 	C:\Windows\system32\mswsock.dll
0x00007ffcfde20000 - 0x00007ffcfde34000 	C:\Program Files\Android\Android Studio\jre\bin\nio.dll
0x00007ffd2e210000 - 0x00007ffd2e237000 	C:\Users\Ale\.gradle\native\e1d6ef7f7dcc3fd88c89a11ec53ec762bb8ba0a96d01ffa2cd45eb1d1d8dd5c5\windows-amd64\native-platform.dll
0x00007ffd08b30000 - 0x00007ffd08c74000 	C:\Users\Ale\.gradle\native\5664cfc778a61ccfe75a443a1ab52a65af34e5dc3c78e0209fed803814484fcb\windows-amd64\native-platform-file-events.dll
0x00007ffd225b0000 - 0x00007ffd225ba000 	C:\Program Files\Android\Android Studio\jre\bin\management.dll
0x00007ffcfde10000 - 0x00007ffcfde1d000 	C:\Program Files\Android\Android Studio\jre\bin\management_ext.dll
0x00007ffd348b0000 - 0x00007ffd348c8000 	C:\Windows\SYSTEM32\CRYPTSP.dll
0x00007ffd33fd0000 - 0x00007ffd34004000 	C:\Windows\system32\rsaenh.dll
0x00007ffd34f00000 - 0x00007ffd34f27000 	C:\Windows\System32\bcrypt.dll
0x00007ffd34e00000 - 0x00007ffd34e2e000 	C:\Windows\SYSTEM32\USERENV.dll
0x00007ffd348d0000 - 0x00007ffd348dc000 	C:\Windows\SYSTEM32\CRYPTBASE.dll
0x00007ffd34360000 - 0x00007ffd3439b000 	C:\Windows\SYSTEM32\IPHLPAPI.DLL
0x00007ffd36310000 - 0x00007ffd36318000 	C:\Windows\System32\NSI.dll
0x00007ffd2de10000 - 0x00007ffd2de27000 	C:\Windows\SYSTEM32\dhcpcsvc6.DLL
0x00007ffd2ddf0000 - 0x00007ffd2de0d000 	C:\Windows\SYSTEM32\dhcpcsvc.DLL
0x00007ffd343b0000 - 0x00007ffd3447b000 	C:\Windows\SYSTEM32\DNSAPI.dll

dbghelp: loaded successfully - version: 4.0.5 - missing functions: none
symbol engine: initialized successfully - sym options: 0x614 - pdb path: .;C:\Program Files\Android\Android Studio\jre\bin;C:\Windows\SYSTEM32;C:\Windows\WinSxS\amd64_microsoft.windows.common-controls_6595b64144ccf1df_6.0.19041.1110_none_60b5254171f9507e;C:\Program Files\Android\Android Studio\jre\bin\server;C:\Users\Ale\.gradle\native\e1d6ef7f7dcc3fd88c89a11ec53ec762bb8ba0a96d01ffa2cd45eb1d1d8dd5c5\windows-amd64;C:\Users\Ale\.gradle\native\5664cfc778a61ccfe75a443a1ab52a65af34e5dc3c78e0209fed803814484fcb\windows-amd64

VM Arguments:
jvm_args: --add-opens=java.base/java.util=ALL-UNNAMED --add-opens=java.base/java.lang=ALL-UNNAMED --add-opens=java.base/java.lang.invoke=ALL-UNNAMED --add-opens=java.base/java.util=ALL-UNNAMED --add-opens=java.prefs/java.util.prefs=ALL-UNNAMED --add-opens=java.prefs/java.util.prefs=ALL-UNNAMED --add-opens=java.base/java.nio.charset=ALL-UNNAMED --add-opens=java.base/java.net=ALL-UNNAMED --add-opens=java.base/java.util.concurrent.atomic=ALL-UNNAMED -Xmx2048m -Dfile.encoding=UTF-8 -Duser.country=GB -Duser.language=en -Duser.variant 
java_command: org.gradle.launcher.daemon.bootstrap.GradleDaemon 7.2
java_class_path (initial): C:\Users\Ale\.gradle\wrapper\dists\gradle-7.2-bin\2dnblmf4td7x66yl1d74lt32g\gradle-7.2\lib\gradle-launcher-7.2.jar
Launcher Type: SUN_STANDARD

[Global flags]
     intx CICompilerCount                          = 3                                         {product} {ergonomic}
     uint ConcGCThreads                            = 1                                         {product} {ergonomic}
     uint G1ConcRefinementThreads                  = 4                                         {product} {ergonomic}
   size_t G1HeapRegionSize                         = 1048576                                   {product} {ergonomic}
    uintx GCDrainStackTargetSize                   = 64                                        {product} {ergonomic}
   size_t InitialHeapSize                          = 318767104                                 {product} {ergonomic}
   size_t MarkStackSize                            = 4194304                                   {product} {ergonomic}
   size_t MaxHeapSize                              = 2147483648                                {product} {command line}
   size_t MaxNewSize                               = 1287651328                                {product} {ergonomic}
   size_t MinHeapDeltaBytes                        = 1048576                                   {product} {ergonomic}
    uintx NonNMethodCodeHeapSize                   = 5830732                                {pd product} {ergonomic}
    uintx NonProfiledCodeHeapSize                  = 122913754                              {pd product} {ergonomic}
    uintx ProfiledCodeHeapSize                     = 122913754                              {pd product} {ergonomic}
    uintx ReservedCodeCacheSize                    = 251658240                              {pd product} {ergonomic}
     bool SegmentedCodeCache                       = true                                      {product} {ergonomic}
     bool UseCompressedClassPointers               = true                                 {lp64_product} {ergonomic}
     bool UseCompressedOops                        = true                                 {lp64_product} {ergonomic}
     bool UseG1GC                                  = true                                      {product} {ergonomic}
     bool UseLargePagesIndividualAllocation        = false                                  {pd product} {ergonomic}

Logging:
Log output configuration:
 #0: stdout all=warning uptime,level,tags
 #1: stderr all=off uptime,level,tags

Environment Variables:
JAVA_HOME=D:\Java\jdk-17.0.2
PATH=C:\Python310\Scripts\;C:\Python310\;C:\Program Files\Microsoft MPI\Bin\;C:\oraclexe\app\oracle\product\11.2.0\server\bin;C:\Program Files (x86)\VMware\VMware Workstation\bin\;C:\Program Files\Common Files\Oracle\Java\javapath;C:\Program Files\AdoptOpenJDK\jdk-11.0.9.11-hotspot\bin;C:\Program Files\AdoptOpenJDK\jdk-8.0.275.1-hotspot\bin;C:\Program Files (x86)\AdoptOpenJDK\jdk-8.0.275.01-hotspot\bin;C:\Program Files\AdoptOpenJDK\jre-8.0.275.1-hotspot\bin;C:\Program Files\AdoptOpenJDK\jre-11.0.9.11-hotspot\bin;C:\Program Files (x86)\AdoptOpenJDK\jre-8.0.275.01-hotspot\bin;C:\Windows\system32;C:\Windows;C:\Windows\System32\Wbem;C:\Windows\System32\WindowsPowerShell\v1.0\;C:\Windows\System32\OpenSSH\;C:\Program Files (x86)\NVIDIA Corporation\PhysX\Common;C:\Program Files\Microsoft VS Code\bin;C:\ProgramData\chocolatey\bin;C:\Program Files\dotnet\;C:\Program Files\Azure Data Studio\bin;C:\Program Files\Microsoft SQL Server\Client SDK\ODBC\170\Tools\Binn\;C:\Program Files (x86)\dotnet\;D:\Program Files\Microsoft SQL Server\150\Tools\Binn\;C:\Program Files\Microsoft SQL Server\150\Tools\Binn\;D:\Program Files\Microsoft SQL Server\150\DTS\Binn\;C:\Program Files\Microsoft SQL Server\150\DTS\Binn\;D:\Git\cmd;C:\Program Files\nodejs\;C:\Users\Ale\AppData\Roaming\local\bin;C:\Users\Ale\AppData\Local\Microsoft\WindowsApps;C:\Users\Ale\AppData\Roaming\cabal\bin;C:\tools\ghc-9.0.1\bin;C:\tools\msys64;C:\Users\Ale\AppData\Local\atom\bin;C:\Users\Ale\.dotnet\tools;C:\Program Files\Azure Data Studio\bin;C:\msys64\mingw64\bin;D:\swipl\bin;D:\Java\jdk-17.0.2\bin;C:\Program Files\JetBrains\WebStorm 2022.1\bin;;D:\Downloads from browsers\apache-maven-3.8.5-bin\;;C:\Program Files\JetBrains\IntelliJ IDEA 2022.1.1\bin;;C:\Users\Ale\AppData\Roaming\npm
USERNAME=Ale
OS=Windows_NT
PROCESSOR_IDENTIFIER=Intel64 Family 6 Model 42 Stepping 7, GenuineIntel



---------------  S Y S T E M  ---------------

OS: Windows 10 , 64 bit Build 19041 (10.0.19041.1706)
OS uptime: 0 days 0:03 hours

CPU:total 4 (initial active 4) (4 cores per cpu, 1 threads per core) family 6 model 42 stepping 7 microcode 0x2f, cmov, cx8, fxsr, mmx, sse, sse2, sse3, ssse3, sse4.1, sse4.2, popcnt, avx, aes, clmul, tsc, tscinvbit

Memory: 4k page, system-wide physical 19410M (13719M free)
TotalPageFile size 22354M (AvailPageFile size 15405M)
current process WorkingSet (physical memory assigned to process): 389M, peak: 389M
current process commit charge ("private bytes"): 517M, peak: 517M

vm_info: OpenJDK 64-Bit Server VM (11.0.11+9-b60-7590822) for windows-amd64 JRE (11.0.11+9-b60-7590822), built on Jul 29 2021 21:43:44 by "builder" with MS VC++ 14.0 (VS2015)

END.
